#
# There is insufficient memory for the Java Runtime Environment to continue.
# Native memory allocation (mmap) failed to map 65536 bytes for Failed to commit metaspace.
# Possible reasons:
#   The system is out of physical RAM or swap space
#   The process is running with CompressedOops enabled, and the Java Heap may be blocking the growth of the native heap
# Possible solutions:
#   Reduce memory load on the system
#   Increase physical memory or swap space
#   Check if swap backing store is full
#   Decrease Java heap size (-Xmx/-Xms)
#   Decrease number of Java threads
#   Decrease Java thread stack sizes (-Xss)
#   Set larger code cache with -XX:ReservedCodeCacheSize=
#   JVM is running with Unscaled Compressed Oops mode in which the Java heap is
#     placed in the first 4GB address space. The Java Heap base address is the
#     maximum limit for the native heap growth. Please use -XX:HeapBaseMinAddress
#     to set the Java Heap base and to place the Java Heap above 4GB virtual address.
# This output file may be truncated or incomplete.
#
#  Out of Memory Error (virtualSpaceNode.cpp:110), pid=2840, tid=10348
#
# JRE version: OpenJDK Runtime Environment Temurin-17.0.9+9 (17.0.9+9) (build 17.0.9+9)
# Java VM: OpenJDK 64-Bit Server VM Temurin-17.0.9+9 (17.0.9+9, mixed mode, tiered, compressed oops, compressed class ptrs, g1 gc, windows-amd64)
# No core dump will be written. Minidumps are not enabled by default on client versions of Windows
#

---------------  S U M M A R Y ------------

Command Line: -XX:+ShowCodeDetailsInExceptionMessages -agentlib:jdwp=transport=dt_socket,suspend=y,address=localhost:12201 -javaagent:C:\Users\Shree\eclipse\java-2023-09\eclipse\configuration\org.eclipse.osgi\252\0\.cp\lib\javaagent-shaded.jar -Dfile.encoding=UTF-8 -Dstdout.encoding=UTF-8 -Dstderr.encoding=UTF-8 --module-path=C:\Users\Shree\eclipse-workspace\OOPS\bin -Djdk.module.main=OOPS OOPS/classObject.WithReturnTypeWithArgument

Host: Intel(R) Core(TM) i5-4200M CPU @ 2.50GHz, 4 cores, 3G,  Windows 11 , 64 bit Build 22000 (10.0.22000.2538)
Time: Mon Jun  3 10:19:48 2024 India Standard Time elapsed time: 15.379390 seconds (0d 0h 0m 15s)

---------------  T H R E A D  ---------------

Current thread (0x000001427d7fa120):  JavaThread "main" [_thread_in_vm, id=10348, stack(0x0000002964700000,0x0000002964800000)]

Stack: [0x0000002964700000,0x0000002964800000]
Native frames: (J=compiled Java code, j=interpreted, Vv=VM code, C=native code)
V  [jvm.dll+0x67cf49]
V  [jvm.dll+0x83478a]
V  [jvm.dll+0x83624e]
V  [jvm.dll+0x8368b3]
V  [jvm.dll+0x247f1f]
V  [jvm.dll+0x83044b]
V  [jvm.dll+0x621776]
V  [jvm.dll+0x1c1fee]
V  [jvm.dll+0x6240d1]
V  [jvm.dll+0x622116]
V  [jvm.dll+0x23d836]
V  [jvm.dll+0x1eca2b]
V  [jvm.dll+0x1e23d1]
V  [jvm.dll+0x54305e]
V  [jvm.dll+0x1f2e27]
V  [jvm.dll+0x7adb8b]
V  [jvm.dll+0x7aef5c]
V  [jvm.dll+0x7af2a8]
V  [jvm.dll+0x2401ee]
V  [jvm.dll+0x24043f]
V  [jvm.dll+0x561273]
V  [jvm.dll+0x563724]
V  [jvm.dll+0x386a5b]
V  [jvm.dll+0x386512]
C  0x000001420ab6111f

The last pc belongs to getstatic (printed below).
Java frames: (J=compiled Java code, j=interpreted, Vv=VM code)
j  sun.security.util.SecurityProviderConstants.<clinit>()V+492 java.base@17.0.9
v  ~StubRoutines::call_stub
j  sun.security.provider.SunEntries.addWithAlias(Ljava/security/Provider;Ljava/lang/String;Ljava/lang/String;Ljava/lang/String;Ljava/util/HashMap;)V+14 java.base@17.0.9
j  sun.security.provider.SunEntries.<init>(Ljava/security/Provider;)V+166 java.base@17.0.9
j  sun.security.provider.Sun.<init>()V+18 java.base@17.0.9
j  sun.security.jca.ProviderConfig.getProvider()Ljava/security/Provider;+67 java.base@17.0.9
j  sun.security.jca.ProviderList.getProvider(I)Ljava/security/Provider;+6 java.base@17.0.9
j  sun.security.jca.ProviderList.getIndex(Ljava/lang/String;)I+13 java.base@17.0.9
j  sun.security.jca.ProviderList.getProviderConfig(Ljava/lang/String;)Lsun/security/jca/ProviderConfig;+2 java.base@17.0.9
j  sun.security.jca.ProviderList.getProvider(Ljava/lang/String;)Ljava/security/Provider;+2 java.base@17.0.9
j  sun.security.jca.Providers.startJarVerification()Ljava/lang/Object;+15 java.base@17.0.9
j  sun.security.util.SignatureFileVerifier.<init>(Ljava/util/ArrayList;Lsun/security/util/ManifestDigester;Ljava/lang/String;[B)V+28 java.base@17.0.9
j  java.util.jar.JarVerifier.processEntry(Lsun/security/util/ManifestEntryVerifier;)V+319 java.base@17.0.9
j  java.util.jar.JarVerifier.update(I[BIILsun/security/util/ManifestEntryVerifier;)V+39 java.base@17.0.9
j  java.util.jar.JarFile.initializeVerifier()V+164 java.base@17.0.9
j  java.util.jar.JarFile.ensureInitialization()V+41 java.base@17.0.9
j  java.util.jar.JavaUtilJarAccessImpl.ensureInitialization(Ljava/util/jar/JarFile;)V+1 java.base@17.0.9
j  jdk.internal.loader.URLClassPath$JarLoader$2.getManifest()Ljava/util/jar/Manifest;+10 java.base@17.0.9
j  jdk.internal.loader.BuiltinClassLoader.defineClass(Ljava/lang/String;Ljdk/internal/loader/Resource;)Ljava/lang/Class;+29 java.base@17.0.9
j  jdk.internal.loader.BuiltinClassLoader.findClassOnClassPathOrNull(Ljava/lang/String;)Ljava/lang/Class;+37 java.base@17.0.9
j  jdk.internal.loader.BuiltinClassLoader.loadClassOrNull(Ljava/lang/String;Z)Ljava/lang/Class;+111 java.base@17.0.9
j  jdk.internal.loader.BuiltinClassLoader.loadClass(Ljava/lang/String;Z)Ljava/lang/Class;+3 java.base@17.0.9
j  jdk.internal.loader.ClassLoaders$AppClassLoader.loadClass(Ljava/lang/String;Z)Ljava/lang/Class;+36 java.base@17.0.9
j  java.lang.ClassLoader.loadClass(Ljava/lang/String;)Ljava/lang/Class;+3 java.base@17.0.9
j  sun.instrument.InstrumentationImpl.loadClassAndStartAgent(Ljava/lang/String;Ljava/lang/String;Ljava/lang/String;)V+8 java.instrument@17.0.9
j  sun.instrument.InstrumentationImpl.loadClassAndCallPremain(Ljava/lang/String;Ljava/lang/String;)V+6 java.instrument@17.0.9
v  ~StubRoutines::call_stub
getstatic  178 getstatic  [0x000001420ab61080, 0x000001420ab614e0]  1120 bytes
[MachCode]
  0x000001420ab61080: 4883 ec08 | c5fa 1104 | 24eb 1f48 | 83ec 10c5 | fb11 0424 | eb14 4883 | ec10 4889 | 0424 48c7 
  0x000001420ab610a0: 4424 0800 | 0000 00eb | 0150 410f | b755 0148 | 8b4d d0c1 | e202 8b5c | d120 c1eb | 1081 e3ff 
  0x000001420ab610c0: 0000 0081 | fbb2 0000 | 000f 847b | 0100 00bb | b200 0000 | e805 0000 | 00e9 6001 | 0000 488b 
  0x000001420ab610e0: d348 8d44 | 2408 4c89 | 6dc0 498b | cfc5 f877 | 4989 afa8 | 0200 0049 | 8987 9802 | 0000 4883 
  0x000001420ab61100: ec20 f7c4 | 0f00 0000 | 0f84 1a00 | 0000 4883 | ec08 49ba | b064 5d0f | f97f 0000 | 41ff d248 
  0x000001420ab61120: 83c4 08e9 | 0d00 0000 | 49ba b064 | 5d0f f97f | 0000 41ff | d248 83c4 | 2049 c787 | 9802 0000 
  0x000001420ab61140: 0000 0000 | 49c7 87a8 | 0200 0000 | 0000 0049 | c787 a002 | 0000 0000 | 0000 c5f8 | 7741 8b8f 
  0x000001420ab61160: 0c04 0000 | f7c1 0100 | 0000 0f84 | 4900 0000 | f7c1 0200 | 0000 0f85 | 3d00 0000 | 4883 ec20 
  0x000001420ab61180: f7c4 0f00 | 0000 0f84 | 1a00 0000 | 4883 ec08 | 49ba 9008 | 5d0f f97f | 0000 41ff | d248 83c4 
  0x000001420ab611a0: 08e9 0d00 | 0000 49ba | 9008 5d0f | f97f 0000 | 41ff d248 | 83c4 20ff | e049 8b8f | 9004 0000 
  0x000001420ab611c0: 4885 c90f | 8459 0000 | 008b 898c | 0000 0083 | f901 0f85 | 4a00 0000 | 498b 8f90 | 0400 008b 
  0x000001420ab611e0: 8990 0000 | 0048 83ec | 20f7 c40f | 0000 000f | 841a 0000 | 0048 83ec | 0849 ba80 | 085d 0ff9 
  0x000001420ab61200: 7f00 0041 | ffd2 4883 | c408 e90d | 0000 0049 | ba80 085d | 0ff9 7f00 | 0041 ffd2 | 4883 c420 
  0x000001420ab61220: ffe0 4981 | 7f08 0000 | 0000 0f84 | 0500 0000 | e9cb fcfd | ff4c 8b6d | c04c 8b75 | c8c3 410f 
  0x000001420ab61240: b755 0148 | 8b4d d0c1 | e202 49ba | c080 dd0f | f97f 0000 | 418b 0285 | c00f 8486 | 0100 0048 
  0x000001420ab61260: 83c1 20c1 | e203 4803 | ca48 33c0 | e805 0000 | 00e9 6301 | 0000 4c8b | c148 8bd0 | 488d 4424 
  0x000001420ab61280: 084c 896d | c049 8bcf | c5f8 7749 | 89af a802 | 0000 4989 | 8798 0200 | 0048 83ec | 20f7 c40f 
  0x000001420ab612a0: 0000 000f | 841a 0000 | 0048 83ec | 0849 baf0 | 595d 0ff9 | 7f00 0041 | ffd2 4883 | c408 e90d 
  0x000001420ab612c0: 0000 0049 | baf0 595d | 0ff9 7f00 | 0041 ffd2 | 4883 c420 | 49c7 8798 | 0200 0000 | 0000 0049 
  0x000001420ab612e0: c787 a802 | 0000 0000 | 0000 49c7 | 87a0 0200 | 0000 0000 | 00c5 f877 | 418b 8f0c | 0400 00f7 
  0x000001420ab61300: c101 0000 | 000f 8449 | 0000 00f7 | c102 0000 | 000f 853d | 0000 0048 | 83ec 20f7 | c40f 0000 
  0x000001420ab61320: 000f 841a | 0000 0048 | 83ec 0849 | ba90 085d | 0ff9 7f00 | 0041 ffd2 | 4883 c408 | e90d 0000 
  0x000001420ab61340: 0049 ba90 | 085d 0ff9 | 7f00 0041 | ffd2 4883 | c420 ffe0 | 498b 8f90 | 0400 0048 | 85c9 0f84 
  0x000001420ab61360: 5900 0000 | 8b89 8c00 | 0000 83f9 | 010f 854a | 0000 0049 | 8b8f 9004 | 0000 8b89 | 9000 0000 
  0x000001420ab61380: 4883 ec20 | f7c4 0f00 | 0000 0f84 | 1a00 0000 | 4883 ec08 | 49ba 8008 | 5d0f f97f | 0000 41ff 
  0x000001420ab613a0: d248 83c4 | 08e9 0d00 | 0000 49ba | 8008 5d0f | f97f 0000 | 41ff d248 | 83c4 20ff | e049 817f 
  0x000001420ab613c0: 0800 0000 | 000f 8405 | 0000 00e9 | 30fb fdff | 4c8b 6dc0 | 4c8b 75c8 | c341 0fb7 | 5501 488b 
  0x000001420ab613e0: 4dd0 c1e2 | 0248 8b5c | d130 8b44 | d138 4c8b | 4cd1 284d | 8b49 704d | 8b09 c1e8 | 1c83 e00f 
  0x000001420ab61400: 0f85 0b00 | 0000 410f | be04 1950 | e9b1 0000 | 0083 f801 | 0f85 0b00 | 0000 410f | b604 1950 
  0x000001420ab61420: e99d 0000 | 0083 f808 | 0f85 0a00 | 0000 418b | 0419 50e9 | 8a00 0000 | 83f8 040f | 850a 0000 
  0x000001420ab61440: 0041 8b04 | 1950 e977 | 0000 0083 | f802 0f85 | 0b00 0000 | 410f b704 | 1950 e963 | 0000 0083 
  0x000001420ab61460: f803 0f85 | 0b00 0000 | 410f bf04 | 1950 e94f | 0000 0083 | f805 0f85 | 1a00 0000 | 498b 0419 
  0x000001420ab61480: 4883 ec10 | 4889 0424 | 48c7 4424 | 0800 0000 | 00e9 2c00 | 0000 83f8 | 060f 8514 | 0000 00c4 
  0x000001420ab614a0: c17a 1004 | 1948 83ec | 08c5 fa11 | 0424 e90f | 0000 00c4 | c17b 1004 | 1948 83ec | 10c5 fb11 
  0x000001420ab614c0: 0424 410f | b65d 0349 | 83c5 0349 | ba90 a2df | 0ff9 7f00 | 0041 ff24 | da0f 1f80 | 0000 0000 
[/MachCode]

---------------  P R O C E S S  ---------------

Threads class SMR info:
_java_thread_list=0x0000014214df9d70, length=14, elements={
0x000001427d7fa120, 0x00000142149a5ea0, 0x00000142149a7740, 0x00000142149e9280,
0x00000142149eac50, 0x00000142149eb610, 0x00000142149ebfd0, 0x00000142149f0cd0,
0x0000014214b6e120, 0x0000014214b72e00, 0x0000014214c49f60, 0x0000014214e03ea0,
0x0000014214e04d50, 0x0000014214e08270
}
_to_delete_list=0x0000014214dfa340, length=13, elements={
0x000001427d7fa120, 0x00000142149a5ea0, 0x00000142149a7740, 0x00000142149e9280,
0x00000142149eac50, 0x00000142149eb610, 0x00000142149ebfd0, 0x00000142149f0cd0,
0x0000014214b6e120, 0x0000014214b72e00, 0x0000014214c49f60, 0x0000014214e03ea0,
0x0000014214e04d50
}

Java Threads: ( => current thread )
=>0x000001427d7fa120 JavaThread "main" [_thread_in_vm, id=10348, stack(0x0000002964700000,0x0000002964800000)]
  0x00000142149a5ea0 JavaThread "Reference Handler" daemon [_thread_blocked, id=9972, stack(0x0000002964e00000,0x0000002964f00000)]
  0x00000142149a7740 JavaThread "Finalizer" daemon [_thread_blocked, id=768, stack(0x0000002964f00000,0x0000002965000000)]
  0x00000142149e9280 JavaThread "Signal Dispatcher" daemon [_thread_blocked, id=12380, stack(0x0000002965000000,0x0000002965100000)]
  0x00000142149eac50 JavaThread "Attach Listener" daemon [_thread_blocked, id=3040, stack(0x0000002965100000,0x0000002965200000)]
  0x00000142149eb610 JavaThread "Service Thread" daemon [_thread_blocked, id=2712, stack(0x0000002965200000,0x0000002965300000)]
  0x00000142149ebfd0 JavaThread "Monitor Deflation Thread" daemon [_thread_blocked, id=872, stack(0x0000002965300000,0x0000002965400000)]
  0x00000142149f0cd0 JavaThread "C2 CompilerThread0" daemon [_thread_blocked, id=12148, stack(0x0000002965400000,0x0000002965500000)]
  0x0000014214b6e120 JavaThread "C1 CompilerThread0" daemon [_thread_blocked, id=3424, stack(0x0000002965500000,0x0000002965600000)]
  0x0000014214b72e00 JavaThread "Sweeper thread" daemon [_thread_blocked, id=8864, stack(0x0000002965600000,0x0000002965700000)]
  0x0000014214c49f60 JavaThread "Common-Cleaner" daemon [_thread_blocked, id=5216, stack(0x0000002965700000,0x0000002965800000)]
  0x0000014214e03ea0 JavaThread "JDWP Transport Listener: dt_socket" daemon [_thread_blocked, id=13964, stack(0x0000002965800000,0x0000002965900000)]
  0x0000014214e04d50 JavaThread "JDWP Event Helper Thread" daemon [_thread_blocked, id=13972, stack(0x0000002965900000,0x0000002965a00000)]
  0x0000014214e08270 JavaThread "JDWP Command Reader" daemon [_thread_in_native, id=14056, stack(0x0000002965a00000,0x0000002965b00000)]

Other Threads:
  0x00000142149a0030 VMThread "VM Thread" [stack: 0x0000002964d00000,0x0000002964e00000] [id=5124]
  0x000001427d834920 GCTaskThread "GC Thread#0" [stack: 0x0000002964800000,0x0000002964900000] [id=2988]
  0x000001427d83e600 ConcurrentGCThread "G1 Main Marker" [stack: 0x0000002964900000,0x0000002964a00000] [id=10160]
  0x000001427d83f7c0 ConcurrentGCThread "G1 Conc#0" [stack: 0x0000002964a00000,0x0000002964b00000] [id=8984]
  0x000001427d88cb10 ConcurrentGCThread "G1 Refine#0" [stack: 0x0000002964b00000,0x0000002964c00000] [id=264]
  0x000001427d88d540 ConcurrentGCThread "G1 Service" [stack: 0x0000002964c00000,0x0000002964d00000] [id=9628]

Threads with active compile tasks:

VM state: not at safepoint (normal execution)

VM Mutex/Monitor currently owned by a thread:  ([mutex/lock_event])
[0x000001427d7e5ee0] Metaspace_lock - owner thread: 0x000001427d7fa120

Heap address: 0x00000000c1400000, size: 1004 MB, Compressed Oops mode: 32-bit

CDS archive(s) not mapped
Compressed class space mapped at: 0x0000000100000000-0x0000000140000000, reserved size: 1073741824
Narrow klass base: 0x0000000000000000, Narrow klass shift: 3, Narrow klass range: 0x140000000

GC Precious Log:
 CPUs: 4 total, 4 available
 Memory: 4009M
 Large Page Support: Disabled
 NUMA Support: Disabled
 Compressed Oops: Enabled (32-bit)
 Heap Region Size: 1M
 Heap Min Capacity: 8M
 Heap Initial Capacity: 64M
 Heap Max Capacity: 1004M
 Pre-touch: Disabled
 Parallel Workers: 4
 Concurrent Workers: 1
 Concurrent Refinement Workers: 4
 Periodic GC: Disabled

Heap:
 garbage-first heap   total 65536K, used 2048K [0x00000000c1400000, 0x0000000100000000)
  region size 1024K, 3 young (3072K), 0 survivors (0K)
 Metaspace       used 6720K, committed 6784K, reserved 1114112K
  class space    used 580K, committed 640K, reserved 1048576K

Heap Regions: E=young(eden), S=young(survivor), O=old, HS=humongous(starts), HC=humongous(continues), CS=collection set, F=free, OA=open archive, CA=closed archive, TAMS=top-at-mark-start (previous, next)
|   0|0x00000000c1400000, 0x00000000c1400000, 0x00000000c1500000|  0%| F|  |TAMS 0x00000000c1400000, 0x00000000c1400000| Untracked 
|   1|0x00000000c1500000, 0x00000000c1500000, 0x00000000c1600000|  0%| F|  |TAMS 0x00000000c1500000, 0x00000000c1500000| Untracked 
|   2|0x00000000c1600000, 0x00000000c1600000, 0x00000000c1700000|  0%| F|  |TAMS 0x00000000c1600000, 0x00000000c1600000| Untracked 
|   3|0x00000000c1700000, 0x00000000c1700000, 0x00000000c1800000|  0%| F|  |TAMS 0x00000000c1700000, 0x00000000c1700000| Untracked 
|   4|0x00000000c1800000, 0x00000000c1800000, 0x00000000c1900000|  0%| F|  |TAMS 0x00000000c1800000, 0x00000000c1800000| Untracked 
|   5|0x00000000c1900000, 0x00000000c1900000, 0x00000000c1a00000|  0%| F|  |TAMS 0x00000000c1900000, 0x00000000c1900000| Untracked 
|   6|0x00000000c1a00000, 0x00000000c1a00000, 0x00000000c1b00000|  0%| F|  |TAMS 0x00000000c1a00000, 0x00000000c1a00000| Untracked 
|   7|0x00000000c1b00000, 0x00000000c1b00000, 0x00000000c1c00000|  0%| F|  |TAMS 0x00000000c1b00000, 0x00000000c1b00000| Untracked 
|   8|0x00000000c1c00000, 0x00000000c1c00000, 0x00000000c1d00000|  0%| F|  |TAMS 0x00000000c1c00000, 0x00000000c1c00000| Untracked 
|   9|0x00000000c1d00000, 0x00000000c1d00000, 0x00000000c1e00000|  0%| F|  |TAMS 0x00000000c1d00000, 0x00000000c1d00000| Untracked 
|  10|0x00000000c1e00000, 0x00000000c1e00000, 0x00000000c1f00000|  0%| F|  |TAMS 0x00000000c1e00000, 0x00000000c1e00000| Untracked 
|  11|0x00000000c1f00000, 0x00000000c1f00000, 0x00000000c2000000|  0%| F|  |TAMS 0x00000000c1f00000, 0x00000000c1f00000| Untracked 
|  12|0x00000000c2000000, 0x00000000c2000000, 0x00000000c2100000|  0%| F|  |TAMS 0x00000000c2000000, 0x00000000c2000000| Untracked 
|  13|0x00000000c2100000, 0x00000000c2100000, 0x00000000c2200000|  0%| F|  |TAMS 0x00000000c2100000, 0x00000000c2100000| Untracked 
|  14|0x00000000c2200000, 0x00000000c2200000, 0x00000000c2300000|  0%| F|  |TAMS 0x00000000c2200000, 0x00000000c2200000| Untracked 
|  15|0x00000000c2300000, 0x00000000c2300000, 0x00000000c2400000|  0%| F|  |TAMS 0x00000000c2300000, 0x00000000c2300000| Untracked 
|  16|0x00000000c2400000, 0x00000000c2400000, 0x00000000c2500000|  0%| F|  |TAMS 0x00000000c2400000, 0x00000000c2400000| Untracked 
|  17|0x00000000c2500000, 0x00000000c2500000, 0x00000000c2600000|  0%| F|  |TAMS 0x00000000c2500000, 0x00000000c2500000| Untracked 
|  18|0x00000000c2600000, 0x00000000c2600000, 0x00000000c2700000|  0%| F|  |TAMS 0x00000000c2600000, 0x00000000c2600000| Untracked 
|  19|0x00000000c2700000, 0x00000000c2700000, 0x00000000c2800000|  0%| F|  |TAMS 0x00000000c2700000, 0x00000000c2700000| Untracked 
|  20|0x00000000c2800000, 0x00000000c2800000, 0x00000000c2900000|  0%| F|  |TAMS 0x00000000c2800000, 0x00000000c2800000| Untracked 
|  21|0x00000000c2900000, 0x00000000c2900000, 0x00000000c2a00000|  0%| F|  |TAMS 0x00000000c2900000, 0x00000000c2900000| Untracked 
|  22|0x00000000c2a00000, 0x00000000c2a00000, 0x00000000c2b00000|  0%| F|  |TAMS 0x00000000c2a00000, 0x00000000c2a00000| Untracked 
|  23|0x00000000c2b00000, 0x00000000c2b00000, 0x00000000c2c00000|  0%| F|  |TAMS 0x00000000c2b00000, 0x00000000c2b00000| Untracked 
|  24|0x00000000c2c00000, 0x00000000c2c00000, 0x00000000c2d00000|  0%| F|  |TAMS 0x00000000c2c00000, 0x00000000c2c00000| Untracked 
|  25|0x00000000c2d00000, 0x00000000c2d00000, 0x00000000c2e00000|  0%| F|  |TAMS 0x00000000c2d00000, 0x00000000c2d00000| Untracked 
|  26|0x00000000c2e00000, 0x00000000c2e00000, 0x00000000c2f00000|  0%| F|  |TAMS 0x00000000c2e00000, 0x00000000c2e00000| Untracked 
|  27|0x00000000c2f00000, 0x00000000c2f00000, 0x00000000c3000000|  0%| F|  |TAMS 0x00000000c2f00000, 0x00000000c2f00000| Untracked 
|  28|0x00000000c3000000, 0x00000000c3000000, 0x00000000c3100000|  0%| F|  |TAMS 0x00000000c3000000, 0x00000000c3000000| Untracked 
|  29|0x00000000c3100000, 0x00000000c3100000, 0x00000000c3200000|  0%| F|  |TAMS 0x00000000c3100000, 0x00000000c3100000| Untracked 
|  30|0x00000000c3200000, 0x00000000c3200000, 0x00000000c3300000|  0%| F|  |TAMS 0x00000000c3200000, 0x00000000c3200000| Untracked 
|  31|0x00000000c3300000, 0x00000000c3300000, 0x00000000c3400000|  0%| F|  |TAMS 0x00000000c3300000, 0x00000000c3300000| Untracked 
|  32|0x00000000c3400000, 0x00000000c3400000, 0x00000000c3500000|  0%| F|  |TAMS 0x00000000c3400000, 0x00000000c3400000| Untracked 
|  33|0x00000000c3500000, 0x00000000c3500000, 0x00000000c3600000|  0%| F|  |TAMS 0x00000000c3500000, 0x00000000c3500000| Untracked 
|  34|0x00000000c3600000, 0x00000000c3600000, 0x00000000c3700000|  0%| F|  |TAMS 0x00000000c3600000, 0x00000000c3600000| Untracked 
|  35|0x00000000c3700000, 0x00000000c3700000, 0x00000000c3800000|  0%| F|  |TAMS 0x00000000c3700000, 0x00000000c3700000| Untracked 
|  36|0x00000000c3800000, 0x00000000c3800000, 0x00000000c3900000|  0%| F|  |TAMS 0x00000000c3800000, 0x00000000c3800000| Untracked 
|  37|0x00000000c3900000, 0x00000000c3900000, 0x00000000c3a00000|  0%| F|  |TAMS 0x00000000c3900000, 0x00000000c3900000| Untracked 
|  38|0x00000000c3a00000, 0x00000000c3a00000, 0x00000000c3b00000|  0%| F|  |TAMS 0x00000000c3a00000, 0x00000000c3a00000| Untracked 
|  39|0x00000000c3b00000, 0x00000000c3b00000, 0x00000000c3c00000|  0%| F|  |TAMS 0x00000000c3b00000, 0x00000000c3b00000| Untracked 
|  40|0x00000000c3c00000, 0x00000000c3c00000, 0x00000000c3d00000|  0%| F|  |TAMS 0x00000000c3c00000, 0x00000000c3c00000| Untracked 
|  41|0x00000000c3d00000, 0x00000000c3d00000, 0x00000000c3e00000|  0%| F|  |TAMS 0x00000000c3d00000, 0x00000000c3d00000| Untracked 
|  42|0x00000000c3e00000, 0x00000000c3e00000, 0x00000000c3f00000|  0%| F|  |TAMS 0x00000000c3e00000, 0x00000000c3e00000| Untracked 
|  43|0x00000000c3f00000, 0x00000000c3f00000, 0x00000000c4000000|  0%| F|  |TAMS 0x00000000c3f00000, 0x00000000c3f00000| Untracked 
|  44|0x00000000c4000000, 0x00000000c4000000, 0x00000000c4100000|  0%| F|  |TAMS 0x00000000c4000000, 0x00000000c4000000| Untracked 
|  45|0x00000000c4100000, 0x00000000c4100000, 0x00000000c4200000|  0%| F|  |TAMS 0x00000000c4100000, 0x00000000c4100000| Untracked 
|  46|0x00000000c4200000, 0x00000000c4200000, 0x00000000c4300000|  0%| F|  |TAMS 0x00000000c4200000, 0x00000000c4200000| Untracked 
|  47|0x00000000c4300000, 0x00000000c4300000, 0x00000000c4400000|  0%| F|  |TAMS 0x00000000c4300000, 0x00000000c4300000| Untracked 
|  48|0x00000000c4400000, 0x00000000c4400000, 0x00000000c4500000|  0%| F|  |TAMS 0x00000000c4400000, 0x00000000c4400000| Untracked 
|  49|0x00000000c4500000, 0x00000000c4500000, 0x00000000c4600000|  0%| F|  |TAMS 0x00000000c4500000, 0x00000000c4500000| Untracked 
|  50|0x00000000c4600000, 0x00000000c4600000, 0x00000000c4700000|  0%| F|  |TAMS 0x00000000c4600000, 0x00000000c4600000| Untracked 
|  51|0x00000000c4700000, 0x00000000c4700000, 0x00000000c4800000|  0%| F|  |TAMS 0x00000000c4700000, 0x00000000c4700000| Untracked 
|  52|0x00000000c4800000, 0x00000000c4800000, 0x00000000c4900000|  0%| F|  |TAMS 0x00000000c4800000, 0x00000000c4800000| Untracked 
|  53|0x00000000c4900000, 0x00000000c4900000, 0x00000000c4a00000|  0%| F|  |TAMS 0x00000000c4900000, 0x00000000c4900000| Untracked 
|  54|0x00000000c4a00000, 0x00000000c4a00000, 0x00000000c4b00000|  0%| F|  |TAMS 0x00000000c4a00000, 0x00000000c4a00000| Untracked 
|  55|0x00000000c4b00000, 0x00000000c4b00000, 0x00000000c4c00000|  0%| F|  |TAMS 0x00000000c4b00000, 0x00000000c4b00000| Untracked 
|  56|0x00000000c4c00000, 0x00000000c4c00000, 0x00000000c4d00000|  0%| F|  |TAMS 0x00000000c4c00000, 0x00000000c4c00000| Untracked 
|  57|0x00000000c4d00000, 0x00000000c4d00000, 0x00000000c4e00000|  0%| F|  |TAMS 0x00000000c4d00000, 0x00000000c4d00000| Untracked 
|  58|0x00000000c4e00000, 0x00000000c4e00000, 0x00000000c4f00000|  0%| F|  |TAMS 0x00000000c4e00000, 0x00000000c4e00000| Untracked 
|  59|0x00000000c4f00000, 0x00000000c4f00000, 0x00000000c5000000|  0%| F|  |TAMS 0x00000000c4f00000, 0x00000000c4f00000| Untracked 
|  60|0x00000000c5000000, 0x00000000c5000000, 0x00000000c5100000|  0%| F|  |TAMS 0x00000000c5000000, 0x00000000c5000000| Untracked 
|  61|0x00000000c5100000, 0x00000000c5143130, 0x00000000c5200000| 26%| E|  |TAMS 0x00000000c5100000, 0x00000000c5100000| Complete 
|  62|0x00000000c5200000, 0x00000000c5300000, 0x00000000c5300000|100%| E|CS|TAMS 0x00000000c5200000, 0x00000000c5200000| Complete 
|  63|0x00000000c5300000, 0x00000000c5400000, 0x00000000c5400000|100%| E|CS|TAMS 0x00000000c5300000, 0x00000000c5300000| Complete 

Card table byte_map: [0x000001427dac0000,0x000001427dcc0000] _byte_map_base: 0x000001427d4b6000

Marking Bits (Prev, Next): (CMBitMap*) 0x000001427d835f50, (CMBitMap*) 0x000001427d835f90
 Prev Bits: [0x000001427dec0000, 0x000001427ee70000)
 Next Bits: [0x000001427ee70000, 0x000001427fe20000)

Polling page: 0x000001427b7f0000

Metaspace:

Usage:
  Non-class:      6.00 MB used.
      Class:    580.59 KB used.
       Both:      6.56 MB used.

Virtual space:
  Non-class space:       64.00 MB reserved,       6.00 MB (  9%) committed,  1 nodes.
      Class space:        1.00 GB reserved,     640.00 KB ( <1%) committed,  1 nodes.
             Both:        1.06 GB reserved,       6.62 MB ( <1%) committed. 

Chunk freelists:
   Non-Class:  9.00 MB
       Class:  15.25 MB
        Both:  24.25 MB

MaxMetaspaceSize: unlimited
CompressedClassSpaceSize: 1.00 GB
Initial GC threshold: 21.00 MB
Current GC threshold: 21.00 MB
CDS: off
MetaspaceReclaimPolicy: balanced
 - commit_granule_bytes: 65536.
 - commit_granule_words: 8192.
 - virtual_space_node_default_size: 8388608.
 - enlarge_chunks_in_place: 1.
 - new_chunks_are_fully_committed: 0.
 - uncommit_free_chunks: 1.
 - use_allocation_guard: 0.
 - handle_deallocations: 1.


Internal statistics:

num_allocs_failed_limit: 0.
num_arena_births: 8.
num_arena_deaths: 0.
num_vsnodes_births: 2.
num_vsnodes_deaths: 0.
num_space_committed: 106.
num_space_uncommitted: 0.
num_chunks_returned_to_freelist: 0.
num_chunks_taken_from_freelist: 25.
num_chunk_merges: 0.
num_chunk_splits: 9.
num_chunks_enlarged: 3.
num_inconsistent_stats: 0.

CodeHeap 'non-profiled nmethods': size=120000Kb used=56Kb max_used=56Kb free=119944Kb
 bounds [0x000001420b0e0000, 0x000001420b350000, 0x0000014212610000]
CodeHeap 'profiled nmethods': size=120000Kb used=258Kb max_used=258Kb free=119741Kb
 bounds [0x0000014203610000, 0x0000014203880000, 0x000001420ab40000]
CodeHeap 'non-nmethods': size=5760Kb used=1172Kb max_used=1179Kb free=4587Kb
 bounds [0x000001420ab40000, 0x000001420adb0000, 0x000001420b0e0000]
 total_blobs=581 nmethods=198 adapters=296
 compilation: enabled
              stopped_count=0, restarted_count=0
 full_count=0

Compilation events (20 events):
Event: 14.219 Thread 0x0000014214b6e120  189       1       java.util.HashMap::size (5 bytes)
Event: 14.219 Thread 0x0000014214b6e120 nmethod 189 0x000001420b0edd10 code [0x000001420b0edea0, 0x000001420b0edf78]
Event: 14.221 Thread 0x0000014214b6e120  190       3       java.lang.StringCoding::hasNegatives (25 bytes)
Event: 14.221 Thread 0x0000014214b6e120 nmethod 190 0x000001420364c990 code [0x000001420364cb40, 0x000001420364cd78]
Event: 14.221 Thread 0x0000014214b6e120  191       3       java.util.jar.Manifest$FastInputStream::readLine (296 bytes)
Event: 14.222 Thread 0x0000014214b6e120 nmethod 191 0x000001420364ce90 code [0x000001420364d0c0, 0x000001420364da68]
Event: 14.224 Thread 0x0000014214b6e120  192       3       java.lang.ref.Reference::<init> (25 bytes)
Event: 14.225 Thread 0x0000014214b6e120 nmethod 192 0x000001420364de90 code [0x000001420364e040, 0x000001420364e2b8]
Event: 14.225 Thread 0x0000014214b6e120  193       3       jdk.internal.util.ArraysSupport::newLength (27 bytes)
Event: 14.226 Thread 0x0000014214b6e120 nmethod 193 0x000001420364e390 code [0x000001420364e540, 0x000001420364e7c8]
Event: 14.231 Thread 0x0000014214b6e120  194       3       java.util.Arrays::copyOf (19 bytes)
Event: 14.231 Thread 0x0000014214b6e120 nmethod 194 0x000001420364e890 code [0x000001420364ea40, 0x000001420364ed28]
Event: 14.232 Thread 0x0000014214b6e120  195       3       java.lang.String::checkBoundsOffCount (64 bytes)
Event: 14.233 Thread 0x0000014214b6e120 nmethod 195 0x000001420364ee90 code [0x000001420364f120, 0x000001420364fa18]
Event: 14.248 Thread 0x0000014214b6e120  196       3       java.lang.CharacterDataLatin1::toLowerCase (39 bytes)
Event: 14.249 Thread 0x0000014214b6e120 nmethod 196 0x000001420364fd90 code [0x000001420364ff40, 0x0000014203650198]
Event: 14.255 Thread 0x0000014214b6e120  197       3       java.lang.StringBuilder::<init> (7 bytes)
Event: 14.255 Thread 0x0000014214b6e120 nmethod 197 0x0000014203650290 code [0x0000014203650420, 0x0000014203650568]
Event: 14.261 Thread 0x0000014214b6e120  198       3       java.lang.StringUTF16::compress (50 bytes)
Event: 14.261 Thread 0x0000014214b6e120 nmethod 198 0x0000014203650610 code [0x00000142036507c0, 0x0000014203650a18]

GC Heap History (0 events):
No events

Dll operation events (6 events):
Event: 0.014 Loaded shared library C:\Users\Shree\.p2\pool\plugins\org.eclipse.justj.openjdk.hotspot.jre.full.win32.x86_64_17.0.9.v20231028-0858\jre\bin\java.dll
Event: 6.277 Loaded shared library C:\Users\Shree\.p2\pool\plugins\org.eclipse.justj.openjdk.hotspot.jre.full.win32.x86_64_17.0.9.v20231028-0858\jre\bin\net.dll
Event: 6.899 Loaded shared library C:\Users\Shree\.p2\pool\plugins\org.eclipse.justj.openjdk.hotspot.jre.full.win32.x86_64_17.0.9.v20231028-0858\jre\bin\nio.dll
Event: 13.101 Loaded shared library C:\Users\Shree\.p2\pool\plugins\org.eclipse.justj.openjdk.hotspot.jre.full.win32.x86_64_17.0.9.v20231028-0858\jre\bin\zip.dll
Event: 13.143 Loaded shared library C:\Users\Shree\.p2\pool\plugins\org.eclipse.justj.openjdk.hotspot.jre.full.win32.x86_64_17.0.9.v20231028-0858\jre\bin\instrument.dll
Event: 14.206 Loaded shared library C:\Users\Shree\.p2\pool\plugins\org.eclipse.justj.openjdk.hotspot.jre.full.win32.x86_64_17.0.9.v20231028-0858\jre\bin\zip.dll

Deoptimization events (0 events):
No events

Classes unloaded (0 events):
No events

Classes redefined (0 events):
No events

Internal exceptions (1 events):
Event: 7.562 Thread 0x000001427d7fa120 Exception <a 'java/lang/NoSuchMethodError'{0x00000000c5227160}: 'void java.lang.invoke.DirectMethodHandle$Holder.invokeVirtual(java.lang.Object, java.lang.Object)'> (0x00000000c5227160) 
thrown [s\src\hotspot\share\interpreter\linkResolver.cpp, line 759]

VM Operations (16 events):
Event: 3.728 Executing VM operation: Cleanup
Event: 4.196 Executing VM operation: Cleanup done
Event: 5.247 Executing VM operation: Cleanup
Event: 6.260 Executing VM operation: Cleanup done
Event: 7.273 Executing VM operation: Cleanup
Event: 7.540 Executing VM operation: Cleanup done
Event: 8.099 Executing VM operation: HandshakeAllThreads
Event: 8.099 Executing VM operation: HandshakeAllThreads done
Event: 9.100 Executing VM operation: Cleanup
Event: 9.100 Executing VM operation: Cleanup done
Event: 9.685 Executing VM operation: ChangeBreakpoints
Event: 11.157 Executing VM operation: ChangeBreakpoints done
Event: 12.966 Executing VM operation: ChangeBreakpoints
Event: 12.967 Executing VM operation: ChangeBreakpoints done
Event: 14.985 Executing VM operation: Cleanup
Event: 15.350 Executing VM operation: Cleanup done

Events (20 events):
Event: 15.356 loading class java/security/SecurityPermission done
Event: 15.356 loading class java/net/SocketPermission
Event: 15.358 loading class java/net/SocketPermission done
Event: 15.359 loading class sun/security/provider/SunEntries
Event: 15.360 loading class sun/security/provider/SunEntries done
Event: 15.360 loading class sun/security/provider/SunEntries$1
Event: 15.360 loading class sun/security/provider/SunEntries$1 done
Event: 15.360 loading class sun/security/provider/NativePRNG
Event: 15.361 loading class sun/security/provider/NativePRNG done
Event: 15.361 loading class sun/security/provider/NativePRNG$Blocking
Event: 15.361 loading class sun/security/provider/NativePRNG$Blocking done
Event: 15.361 loading class sun/security/provider/NativePRNG$NonBlocking
Event: 15.361 loading class sun/security/provider/NativePRNG$NonBlocking done
Event: 15.361 loading class java/security/Provider$Service
Event: 15.361 loading class java/security/Provider$Service done
Event: 15.361 loading class java/security/Provider$UString
Event: 15.362 loading class java/security/Provider$UString done
Event: 15.362 loading class sun/security/util/SecurityProviderConstants
Event: 15.362 loading class sun/security/util/SecurityProviderConstants done
Event: 15.362 loading class sun/security/util/KnownOIDs


Dynamic libraries:
0x00007ff716f30000 - 0x00007ff716f3e000 	C:\Users\Shree\.p2\pool\plugins\org.eclipse.justj.openjdk.hotspot.jre.full.win32.x86_64_17.0.9.v20231028-0858\jre\bin\javaw.exe
0x00007ff94eac0000 - 0x00007ff94ecc9000 	C:\WINDOWS\SYSTEM32\ntdll.dll
0x00007ff94d640000 - 0x00007ff94d6fd000 	C:\WINDOWS\System32\KERNEL32.DLL
0x00007ff94c300000 - 0x00007ff94c684000 	C:\WINDOWS\System32\KERNELBASE.dll
0x00007ff94c040000 - 0x00007ff94c151000 	C:\WINDOWS\System32\ucrtbase.dll
0x00007ff9428d0000 - 0x00007ff9428e7000 	C:\Users\Shree\.p2\pool\plugins\org.eclipse.justj.openjdk.hotspot.jre.full.win32.x86_64_17.0.9.v20231028-0858\jre\bin\jli.dll
0x00007ff94d700000 - 0x00007ff94d8ad000 	C:\WINDOWS\System32\USER32.dll
0x00007ff94c160000 - 0x00007ff94c186000 	C:\WINDOWS\System32\win32u.dll
0x00007ff94cc10000 - 0x00007ff94cc3a000 	C:\WINDOWS\System32\GDI32.dll
0x00007ff94c690000 - 0x00007ff94c7ae000 	C:\WINDOWS\System32\gdi32full.dll
0x00007ff94c7b0000 - 0x00007ff94c84d000 	C:\WINDOWS\System32\msvcp_win.dll
0x00007ff942960000 - 0x00007ff94297b000 	C:\Users\Shree\.p2\pool\plugins\org.eclipse.justj.openjdk.hotspot.jre.full.win32.x86_64_17.0.9.v20231028-0858\jre\bin\VCRUNTIME140.dll
0x00007ff92e330000 - 0x00007ff92e5d5000 	C:\WINDOWS\WinSxS\amd64_microsoft.windows.common-controls_6595b64144ccf1df_6.0.22000.120_none_9d947278b86cc467\COMCTL32.dll
0x00007ff94c950000 - 0x00007ff94c9f3000 	C:\WINDOWS\System32\msvcrt.dll
0x00007ff94d2d0000 - 0x00007ff94d301000 	C:\WINDOWS\System32\IMM32.DLL
0x00007ff9482a0000 - 0x00007ff9482ac000 	C:\Users\Shree\.p2\pool\plugins\org.eclipse.justj.openjdk.hotspot.jre.full.win32.x86_64_17.0.9.v20231028-0858\jre\bin\vcruntime140_1.dll
0x00007ff9360b0000 - 0x00007ff93613d000 	C:\Users\Shree\.p2\pool\plugins\org.eclipse.justj.openjdk.hotspot.jre.full.win32.x86_64_17.0.9.v20231028-0858\jre\bin\msvcp140.dll
0x00007ff90f250000 - 0x00007ff90feb1000 	C:\Users\Shree\.p2\pool\plugins\org.eclipse.justj.openjdk.hotspot.jre.full.win32.x86_64_17.0.9.v20231028-0858\jre\bin\server\jvm.dll
0x00007ff94ca00000 - 0x00007ff94caae000 	C:\WINDOWS\System32\ADVAPI32.dll
0x00007ff94d8b0000 - 0x00007ff94d94e000 	C:\WINDOWS\System32\sechost.dll
0x00007ff94dbe0000 - 0x00007ff94dd01000 	C:\WINDOWS\System32\RPCRT4.dll
0x00007ff94a8b0000 - 0x00007ff94a8fd000 	C:\WINDOWS\SYSTEM32\POWRPROF.dll
0x00007ff945510000 - 0x00007ff945519000 	C:\WINDOWS\SYSTEM32\WSOCK32.dll
0x00007ff94cab0000 - 0x00007ff94cb1f000 	C:\WINDOWS\System32\WS2_32.dll
0x00007ff944550000 - 0x00007ff944583000 	C:\WINDOWS\SYSTEM32\WINMM.dll
0x00007ff93bfd0000 - 0x00007ff93bfda000 	C:\WINDOWS\SYSTEM32\VERSION.dll
0x00007ff94a9a0000 - 0x00007ff94a9b3000 	C:\WINDOWS\SYSTEM32\UMPDC.dll
0x00007ff94b0b0000 - 0x00007ff94b0c8000 	C:\WINDOWS\SYSTEM32\kernel.appcore.dll
0x00007ff945460000 - 0x00007ff94546a000 	C:\Users\Shree\.p2\pool\plugins\org.eclipse.justj.openjdk.hotspot.jre.full.win32.x86_64_17.0.9.v20231028-0858\jre\bin\jimage.dll
0x00007ff93a7c0000 - 0x00007ff93a9e1000 	C:\WINDOWS\SYSTEM32\DBGHELP.DLL
0x00007ff93a780000 - 0x00007ff93a7b1000 	C:\WINDOWS\SYSTEM32\dbgcore.DLL
0x00007ff94bfc0000 - 0x00007ff94c03f000 	C:\WINDOWS\System32\bcryptPrimitives.dll
0x00007ff93d290000 - 0x00007ff93d2cb000 	C:\Users\Shree\.p2\pool\plugins\org.eclipse.justj.openjdk.hotspot.jre.full.win32.x86_64_17.0.9.v20231028-0858\jre\bin\jdwp.dll
0x00007ff948220000 - 0x00007ff94822e000 	C:\Users\Shree\.p2\pool\plugins\org.eclipse.justj.openjdk.hotspot.jre.full.win32.x86_64_17.0.9.v20231028-0858\jre\bin\instrument.dll
0x00007ff945370000 - 0x00007ff945395000 	C:\Users\Shree\.p2\pool\plugins\org.eclipse.justj.openjdk.hotspot.jre.full.win32.x86_64_17.0.9.v20231028-0858\jre\bin\java.dll
0x00007ff942f50000 - 0x00007ff942f68000 	C:\Users\Shree\.p2\pool\plugins\org.eclipse.justj.openjdk.hotspot.jre.full.win32.x86_64_17.0.9.v20231028-0858\jre\bin\zip.dll
0x00007ff94dd10000 - 0x00007ff94e4d5000 	C:\WINDOWS\System32\SHELL32.dll
0x00007ff94a030000 - 0x00007ff94a892000 	C:\WINDOWS\SYSTEM32\windows.storage.dll
0x00007ff94e4e0000 - 0x00007ff94e856000 	C:\WINDOWS\System32\combase.dll
0x00007ff949ec0000 - 0x00007ff94a027000 	C:\WINDOWS\SYSTEM32\wintypes.dll
0x00007ff94cb20000 - 0x00007ff94cc0a000 	C:\WINDOWS\System32\SHCORE.dll
0x00007ff94ea20000 - 0x00007ff94ea7d000 	C:\WINDOWS\System32\shlwapi.dll
0x00007ff94be80000 - 0x00007ff94bea5000 	C:\WINDOWS\SYSTEM32\profapi.dll
0x00007ff942f30000 - 0x00007ff942f49000 	C:\Users\Shree\.p2\pool\plugins\org.eclipse.justj.openjdk.hotspot.jre.full.win32.x86_64_17.0.9.v20231028-0858\jre\bin\net.dll
0x00007ff943c10000 - 0x00007ff943d24000 	C:\WINDOWS\SYSTEM32\WINHTTP.dll
0x00007ff94b560000 - 0x00007ff94b5c7000 	C:\WINDOWS\system32\mswsock.dll
0x00007ff942c60000 - 0x00007ff942c76000 	C:\Users\Shree\.p2\pool\plugins\org.eclipse.justj.openjdk.hotspot.jre.full.win32.x86_64_17.0.9.v20231028-0858\jre\bin\nio.dll
0x00007ff945570000 - 0x00007ff94557c000 	C:\Users\Shree\.p2\pool\plugins\org.eclipse.justj.openjdk.hotspot.jre.full.win32.x86_64_17.0.9.v20231028-0858\jre\bin\dt_socket.dll
0x00007ff94abd0000 - 0x00007ff94abfd000 	C:\WINDOWS\SYSTEM32\IPHLPAPI.DLL
0x00007ff94ac00000 - 0x00007ff94ace7000 	C:\WINDOWS\SYSTEM32\DNSAPI.dll
0x00007ff94d630000 - 0x00007ff94d639000 	C:\WINDOWS\System32\NSI.dll
0x00007ff941090000 - 0x00007ff94109a000 	C:\Windows\System32\rasadhlp.dll
0x00007ff941850000 - 0x00007ff9418d1000 	C:\WINDOWS\System32\fwpuclnt.dll

dbghelp: loaded successfully - version: 4.0.5 - missing functions: none
symbol engine: initialized successfully - sym options: 0x614 - pdb path: .;C:\Users\Shree\.p2\pool\plugins\org.eclipse.justj.openjdk.hotspot.jre.full.win32.x86_64_17.0.9.v20231028-0858\jre\bin;C:\WINDOWS\SYSTEM32;C:\WINDOWS\WinSxS\amd64_microsoft.windows.common-controls_6595b64144ccf1df_6.0.22000.120_none_9d947278b86cc467;C:\Users\Shree\.p2\pool\plugins\org.eclipse.justj.openjdk.hotspot.jre.full.win32.x86_64_17.0.9.v20231028-0858\jre\bin\server

VM Arguments:
jvm_args: -XX:+ShowCodeDetailsInExceptionMessages -agentlib:jdwp=transport=dt_socket,suspend=y,address=localhost:12201 -javaagent:C:\Users\Shree\eclipse\java-2023-09\eclipse\configuration\org.eclipse.osgi\252\0\.cp\lib\javaagent-shaded.jar -Dfile.encoding=UTF-8 -Dstdout.encoding=UTF-8 -Dstderr.encoding=UTF-8 --module-path=C:\Users\Shree\eclipse-workspace\OOPS\bin -Djdk.module.main=OOPS 
java_command: OOPS/classObject.WithReturnTypeWithArgument
java_class_path (initial): <not set>
Launcher Type: SUN_STANDARD

[Global flags]
     intx CICompilerCount                          = 3                                         {product} {ergonomic}
     uint ConcGCThreads                            = 1                                         {product} {ergonomic}
     uint G1ConcRefinementThreads                  = 4                                         {product} {ergonomic}
   size_t G1HeapRegionSize                         = 1048576                                   {product} {ergonomic}
    uintx GCDrainStackTargetSize                   = 64                                        {product} {ergonomic}
   size_t InitialHeapSize                          = 67108864                                  {product} {ergonomic}
   size_t MarkStackSize                            = 4194304                                   {product} {ergonomic}
   size_t MaxHeapSize                              = 1052770304                                {product} {ergonomic}
   size_t MaxNewSize                               = 631242752                                 {product} {ergonomic}
   size_t MinHeapDeltaBytes                        = 1048576                                   {product} {ergonomic}
   size_t MinHeapSize                              = 8388608                                   {product} {ergonomic}
    uintx NonNMethodCodeHeapSize                   = 5832780                                {pd product} {ergonomic}
    uintx NonProfiledCodeHeapSize                  = 122912730                              {pd product} {ergonomic}
    uintx ProfiledCodeHeapSize                     = 122912730                              {pd product} {ergonomic}
    uintx ReservedCodeCacheSize                    = 251658240                              {pd product} {ergonomic}
     bool SegmentedCodeCache                       = true                                      {product} {ergonomic}
     bool ShowCodeDetailsInExceptionMessages       = true                                   {manageable} {command line}
   size_t SoftMaxHeapSize                          = 1052770304                             {manageable} {ergonomic}
     bool UseCompressedClassPointers               = true                           {product lp64_product} {ergonomic}
     bool UseCompressedOops                        = true                           {product lp64_product} {ergonomic}
     bool UseG1GC                                  = true                                      {product} {ergonomic}
     bool UseLargePagesIndividualAllocation        = false                                  {pd product} {ergonomic}

Logging:
Log output configuration:
 #0: stdout all=warning uptime,level,tags
 #1: stderr all=off uptime,level,tags

Environment Variables:
PATH=C:\Users\Shree\.p2\pool\plugins\org.eclipse.justj.openjdk.hotspot.jre.full.win32.x86_64_17.0.9.v20231028-0858\jre\bin;C:/Users/Shree/.p2/pool/plugins/org.eclipse.justj.openjdk.hotspot.jre.full.win32.x86_64_17.0.9.v20231028-0858/jre/bin/server;C:/Users/Shree/.p2/pool/plugins/org.eclipse.justj.openjdk.hotspot.jre.full.win32.x86_64_17.0.9.v20231028-0858/jre/bin;C:\Program Files\java\jdk-19\bin;C:\Program Files\MySQL\MySQL Shell 8.0\bin\;C:\Users\Shree\AppData\Local\Microsoft\WindowsApps;;C:\Users\Shree\AppData\Local\Programs\Microsoft VS Code\bin;C:\Users\Shree\.dotnet\tools;C:\Program Files\JetBrains\IntelliJ IDEA 2023.2.4\bin;;C:\Users\Shree\AppData\Roaming\npm;C:\Users\Shree\Desktop;
USERNAME=Shree
OS=Windows_NT
PROCESSOR_IDENTIFIER=Intel64 Family 6 Model 60 Stepping 3, GenuineIntel
TMP=C:\Users\Shree\AppData\Local\Temp
TEMP=C:\Users\Shree\AppData\Local\Temp



Periodic native trim disabled


---------------  S Y S T E M  ---------------

OS:
 Windows 11 , 64 bit Build 22000 (10.0.22000.2538)
OS uptime: 4 days 20:16 hours

CPU: total 4 (initial active 4) (2 cores per cpu, 2 threads per core) family 6 model 60 stepping 3 microcode 0x28, cx8, cmov, fxsr, ht, mmx, sse, sse2, sse3, ssse3, sse4.1, sse4.2, popcnt, lzcnt, tsc, tscinvbit, avx, avx2, aes, erms, clmul, bmi1, bmi2, fma, vzeroupper, clflush
Processor Information for all 4 processors :
  Max Mhz: 2501, Current Mhz: 2500, Mhz Limit: 2475

Memory: 4k page, system-wide physical 4009M (347M free)
TotalPageFile size 16297M (AvailPageFile size 0M)
current process WorkingSet (physical memory assigned to process): 33M, peak: 36M
current process commit charge ("private bytes"): 131M, peak: 131M

vm_info: OpenJDK 64-Bit Server VM (17.0.9+9) for windows-amd64 JRE (17.0.9+9), built on Oct 26 2023 14:01:42 by "admin" with MS VC++ 16.10 / 16.11 (VS2019)

END.
