#
# A fatal error has been detected by the Java Runtime Environment:
#
#  EXCEPTION_ACCESS_VIOLATION (0xc0000005) at pc=0x00007ff90f5daa13, pid=14604, tid=15332
#
# JRE version:  (17.0.9+9) (build )
# Java VM: OpenJDK 64-Bit Server VM (17.0.9+9, mixed mode, tiered, compressed oops, compressed class ptrs, g1 gc, windows-amd64)
# Problematic frame:
# V  [jvm.dll+0x38aa13]
#
# No core dump will be written. Minidumps are not enabled by default on client versions of Windows
#
#

---------------  S U M M A R Y ------------

Command Line: -XX:+ShowCodeDetailsInExceptionMessages -agentlib:jdwp=transport=dt_socket,suspend=y,address=localhost:12264 -javaagent:C:\Users\Shree\eclipse\java-2023-09\eclipse\configuration\org.eclipse.osgi\252\0\.cp\lib\javaagent-shaded.jar -Dfile.encoding=UTF-8 -Dstdout.encoding=UTF-8 -Dstderr.encoding=UTF-8 --module-path=C:\Users\Shree\eclipse-workspace\OOPS\bin -Djdk.module.main=OOPS OOPS/classObject.WithReturnTypeWithArgument

Host: Intel(R) Core(TM) i5-4200M CPU @ 2.50GHz, 4 cores, 3G,  Windows 11 , 64 bit Build 22000 (10.0.22000.2538)
Time: Mon Jun  3 10:19:48 2024 India Standard Time elapsed time: 3.321694 seconds (0d 0h 0m 3s)

---------------  T H R E A D  ---------------

Current thread (0x000001c1f1e99f90):  JavaThread "Unknown thread" [_thread_in_vm, id=15332, stack(0x0000000c9fc00000,0x0000000c9fd00000)]

Stack: [0x0000000c9fc00000,0x0000000c9fd00000],  sp=0x0000000c9fcfee20,  free space=1019k
Native frames: (J=compiled Java code, j=interpreted, Vv=VM code, C=native code)
V  [jvm.dll+0x38aa13]
V  [jvm.dll+0x67ce62]
V  [jvm.dll+0x38a6de]
V  [jvm.dll+0x36f8d5]
V  [jvm.dll+0x3733e5]
V  [jvm.dll+0x372ea8]
V  [jvm.dll+0x7e6674]
V  [jvm.dll+0x7e4c1a]
V  [jvm.dll+0x3f07af]
