#
# There is insufficient memory for the Java Runtime Environment to continue.
# Native memory allocation (mmap) failed to map 65536 bytes for Failed to commit metaspace.
# Possible reasons:
#   The system is out of physical RAM or swap space
#   The process is running with CompressedOops enabled, and the Java Heap may be blocking the growth of the native heap
# Possible solutions:
#   Reduce memory load on the system
#   Increase physical memory or swap space
#   Check if swap backing store is full
#   Decrease Java heap size (-Xmx/-Xms)
#   Decrease number of Java threads
#   Decrease Java thread stack sizes (-Xss)
#   Set larger code cache with -XX:ReservedCodeCacheSize=
#   JVM is running with Unscaled Compressed Oops mode in which the Java heap is
#     placed in the first 4GB address space. The Java Heap base address is the
#     maximum limit for the native heap growth. Please use -XX:HeapBaseMinAddress
#     to set the Java Heap base and to place the Java Heap above 4GB virtual address.
# This output file may be truncated or incomplete.
#
#  Out of Memory Error (virtualSpaceNode.cpp:110), pid=4472, tid=3368
#
# JRE version: OpenJDK Runtime Environment Temurin-17.0.9+9 (17.0.9+9) (build 17.0.9+9)
# Java VM: OpenJDK 64-Bit Server VM Temurin-17.0.9+9 (17.0.9+9, mixed mode, tiered, compressed oops, compressed class ptrs, g1 gc, windows-amd64)
# No core dump will be written. Minidumps are not enabled by default on client versions of Windows
#

---------------  S U M M A R Y ------------

Command Line: -XX:+ShowCodeDetailsInExceptionMessages -agentlib:jdwp=transport=dt_socket,suspend=y,address=localhost:12226 -javaagent:C:\Users\Shree\eclipse\java-2023-09\eclipse\configuration\org.eclipse.osgi\252\0\.cp\lib\javaagent-shaded.jar -Dfile.encoding=UTF-8 -Dstdout.encoding=UTF-8 -Dstderr.encoding=UTF-8 --module-path=C:\Users\Shree\eclipse-workspace\OOPS\bin -Djdk.module.main=OOPS OOPS/classObject.WithReturnTypeWithArgument

Host: Intel(R) Core(TM) i5-4200M CPU @ 2.50GHz, 4 cores, 3G,  Windows 11 , 64 bit Build 22000 (10.0.22000.2538)
Time: Mon Jun  3 10:19:48 2024 India Standard Time elapsed time: 12.822813 seconds (0d 0h 0m 12s)

---------------  T H R E A D  ---------------

Current thread (0x0000026f4ba3a120):  JavaThread "main" [_thread_in_vm, id=3368, stack(0x000000ce3a400000,0x000000ce3a500000)]

Stack: [0x000000ce3a400000,0x000000ce3a500000]
Native frames: (J=compiled Java code, j=interpreted, Vv=VM code, C=native code)
V  [jvm.dll+0x67cf49]
V  [jvm.dll+0x83478a]
V  [jvm.dll+0x83624e]
V  [jvm.dll+0x8368b3]
V  [jvm.dll+0x247f1f]
V  [jvm.dll+0x83044b]
V  [jvm.dll+0x621776]
V  [jvm.dll+0x6217da]
V  [jvm.dll+0x62400a]
V  [jvm.dll+0x622116]
V  [jvm.dll+0x23d880]
V  [jvm.dll+0x1eca2b]
V  [jvm.dll+0x1e23d1]
V  [jvm.dll+0x54305e]
V  [jvm.dll+0x1f2e27]
V  [jvm.dll+0x7adb8b]
V  [jvm.dll+0x7aef5c]
V  [jvm.dll+0x7af7d3]
V  [jvm.dll+0x1ed284]
V  [jvm.dll+0x1e23ea]
V  [jvm.dll+0x54305e]
V  [jvm.dll+0x1f2e27]
V  [jvm.dll+0x7adb8b]
V  [jvm.dll+0x7aef5c]
V  [jvm.dll+0x7af2a8]
V  [jvm.dll+0x2401ee]
V  [jvm.dll+0x382e4e]
C  0x0000026f57e375c5

The last pc belongs to new (printed below).
Java frames: (J=compiled Java code, j=interpreted, Vv=VM code)
j  java.net.URL$DefaultFactory.createURLStreamHandler(Ljava/lang/String;)Ljava/net/URLStreamHandler;+112 java.base@17.0.9
j  java.net.URL.getURLStreamHandler(Ljava/lang/String;)Ljava/net/URLStreamHandler;+89 java.base@17.0.9
j  java.net.URL.<init>(Ljava/net/URL;Ljava/lang/String;Ljava/net/URLStreamHandler;)V+386 java.base@17.0.9
j  java.net.URL.fromURI(Ljava/net/URI;)Ljava/net/URL;+139 java.base@17.0.9
j  java.net.URI.toURL()Ljava/net/URL;+1 java.base@17.0.9
j  jdk.internal.loader.BuiltinClassLoader$LoadedModule.createURL(Ljava/net/URI;)Ljava/net/URL;+3 java.base@17.0.9
j  jdk.internal.loader.BuiltinClassLoader$LoadedModule.<init>(Ljdk/internal/loader/BuiltinClassLoader;Ljava/lang/module/ModuleReference;)V+48 java.base@17.0.9
j  jdk.internal.loader.BuiltinClassLoader.loadModule(Ljava/lang/module/ModuleReference;)V+57 java.base@17.0.9
j  jdk.internal.module.ModuleBootstrap.loadModules(Ljava/lang/module/Configuration;Ljava/util/function/Function;)V+92 java.base@17.0.9
j  jdk.internal.module.ModuleBootstrap.boot2()Ljava/lang/ModuleLayer;+1191 java.base@17.0.9
j  jdk.internal.module.ModuleBootstrap.boot()Ljava/lang/ModuleLayer;+64 java.base@17.0.9
j  java.lang.System.initPhase2(ZZ)I+0 java.base@17.0.9
v  ~StubRoutines::call_stub
new  187 new  [0x0000026f57e37440, 0x0000026f57e37720]  736 bytes
[MachCode]
  0x0000026f57e37440: 4883 ec08 | c5fa 1104 | 24eb 1f48 | 83ec 10c5 | fb11 0424 | eb14 4883 | ec10 4889 | 0424 48c7 
  0x0000026f57e37460: 4424 0800 | 0000 00eb | 0150 410f | b755 010f | cac1 ea10 | 488b 4de8 | 488b 4908 | 488b 4908 
  0x0000026f57e37480: 488b 4108 | 807c 1004 | 070f 85d6 | 0000 0066 | 8b54 d148 | 488b 4928 | 488b 4cd1 | 0851 80b9 
  0x0000026f57e374a0: 3301 0000 | 040f 85b9 | 0000 008b | 5108 f7c2 | 0100 0000 | 0f85 aa00 | 0000 498b | 8708 0100 
  0x0000026f57e374c0: 0048 8d1c | 1049 3b9f | 1801 0000 | 0f87 9200 | 0000 4989 | 9f08 0100 | 00e9 0000 | 0000 4883 
  0x0000026f57e374e0: ea10 0f84 | 0f00 0000 | 33c9 c1ea | 0348 894c | d008 48ff | ca75 f648 | c700 0100 | 0000 5933 
  0x0000026f57e37500: f689 700c | 48c1 e903 | 8948 0849 | ba2f 35dd | 0ff9 7f00 | 0041 803a | 000f 8440 | 0000 0050 
  0x0000026f57e37520: 488b c848 | 83ec 20f7 | c40f 0000 | 000f 841a | 0000 0048 | 83ec 0849 | bae0 2b93 | 0ff9 7f00 
  0x0000026f57e37540: 0041 ffd2 | 4883 c408 | e90d 0000 | 0049 bae0 | 2b93 0ff9 | 7f00 0041 | ffd2 4883 | c420 58e9 
  0x0000026f57e37560: 9201 0000 | 5948 8b55 | e848 8b52 | 0848 8b52 | 0845 0fb7 | 4501 410f | c841 c1e8 | 10e8 0500 
  0x0000026f57e37580: 0000 e96f | 0100 0048 | 8d44 2408 | 4c89 6dc0 | 498b cfc5 | f877 4989 | afa8 0200 | 0049 8987 
  0x0000026f57e375a0: 9802 0000 | 4883 ec20 | f7c4 0f00 | 0000 0f84 | 1a00 0000 | 4883 ec08 | 49ba 002e | 5d0f f97f 
  0x0000026f57e375c0: 0000 41ff | d248 83c4 | 08e9 0d00 | 0000 49ba | 002e 5d0f | f97f 0000 | 41ff d248 | 83c4 2049 
  0x0000026f57e375e0: c787 9802 | 0000 0000 | 0000 49c7 | 87a8 0200 | 0000 0000 | 0049 c787 | a002 0000 | 0000 0000 
  0x0000026f57e37600: c5f8 7741 | 8b8f 0c04 | 0000 f7c1 | 0100 0000 | 0f84 4900 | 0000 f7c1 | 0200 0000 | 0f85 3d00 
  0x0000026f57e37620: 0000 4883 | ec20 f7c4 | 0f00 0000 | 0f84 1a00 | 0000 4883 | ec08 49ba | 9008 5d0f | f97f 0000 
  0x0000026f57e37640: 41ff d248 | 83c4 08e9 | 0d00 0000 | 49ba 9008 | 5d0f f97f | 0000 41ff | d248 83c4 | 20ff e049 
  0x0000026f57e37660: 8b8f 9004 | 0000 4885 | c90f 8459 | 0000 008b | 898c 0000 | 0083 f901 | 0f85 4a00 | 0000 498b 
  0x0000026f57e37680: 8f90 0400 | 008b 8990 | 0000 0048 | 83ec 20f7 | c40f 0000 | 000f 841a | 0000 0048 | 83ec 0849 
  0x0000026f57e376a0: ba80 085d | 0ff9 7f00 | 0041 ffd2 | 4883 c408 | e90d 0000 | 0049 ba80 | 085d 0ff9 | 7f00 0041 
  0x0000026f57e376c0: ffd2 4883 | c420 ffe0 | 4981 7f08 | 0000 0000 | 0f84 0500 | 0000 e925 | 98fd ff49 | 8b87 f002 
  0x0000026f57e376e0: 0000 49c7 | 87f0 0200 | 0000 0000 | 004c 8b6d | c04c 8b75 | c8c3 410f | b65d 0349 | 83c5 0349 
  0x0000026f57e37700: ba90 9adf | 0ff9 7f00 | 0041 ff24 | da66 6690 | 0000 0000 | 0000 0000 | 0000 0000 | 0000 0000 
[/MachCode]

---------------  P R O C E S S  ---------------

Threads class SMR info:
_java_thread_list=0x0000026f64d7d980, length=11, elements={
0x0000026f4ba3a120, 0x0000026f64a56cf0, 0x0000026f64a58590, 0x0000026f64a9a280,
0x0000026f64a9bb60, 0x0000026f64a9c520, 0x0000026f64a9cee0, 0x0000026f64aa1be0,
0x0000026f64c1ed10, 0x0000026f64c239f0, 0x0000026f64c54200
}

Java Threads: ( => current thread )
=>0x0000026f4ba3a120 JavaThread "main" [_thread_in_vm, id=3368, stack(0x000000ce3a400000,0x000000ce3a500000)]
  0x0000026f64a56cf0 JavaThread "Reference Handler" daemon [_thread_blocked, id=11528, stack(0x000000ce3ab00000,0x000000ce3ac00000)]
  0x0000026f64a58590 JavaThread "Finalizer" daemon [_thread_blocked, id=6836, stack(0x000000ce3ac00000,0x000000ce3ad00000)]
  0x0000026f64a9a280 JavaThread "Signal Dispatcher" daemon [_thread_blocked, id=13428, stack(0x000000ce3ae00000,0x000000ce3af00000)]
  0x0000026f64a9bb60 JavaThread "Attach Listener" daemon [_thread_blocked, id=13432, stack(0x000000ce3af00000,0x000000ce3b000000)]
  0x0000026f64a9c520 JavaThread "Service Thread" daemon [_thread_blocked, id=13440, stack(0x000000ce3b000000,0x000000ce3b100000)]
  0x0000026f64a9cee0 JavaThread "Monitor Deflation Thread" daemon [_thread_blocked, id=13444, stack(0x000000ce3b100000,0x000000ce3b200000)]
  0x0000026f64aa1be0 JavaThread "C2 CompilerThread0" daemon [_thread_blocked, id=13448, stack(0x000000ce3b200000,0x000000ce3b300000)]
  0x0000026f64c1ed10 JavaThread "C1 CompilerThread0" daemon [_thread_blocked, id=13572, stack(0x000000ce3b300000,0x000000ce3b400000)]
  0x0000026f64c239f0 JavaThread "Sweeper thread" daemon [_thread_blocked, id=13652, stack(0x000000ce3b400000,0x000000ce3b500000)]
  0x0000026f64c54200 JavaThread "Common-Cleaner" daemon [_thread_blocked, id=14004, stack(0x000000ce3b500000,0x000000ce3b600000)]

Other Threads:
  0x0000026f4bafebc0 VMThread "VM Thread" [stack: 0x000000ce3aa00000,0x000000ce3ab00000] [id=648]
  0x0000026f4ba74920 GCTaskThread "GC Thread#0" [stack: 0x000000ce3a500000,0x000000ce3a600000] [id=4400]
  0x0000026f4ba7e600 ConcurrentGCThread "G1 Main Marker" [stack: 0x000000ce3a600000,0x000000ce3a700000] [id=6252]
  0x0000026f4ba7f020 ConcurrentGCThread "G1 Conc#0" [stack: 0x000000ce3a700000,0x000000ce3a800000] [id=9252]
  0x0000026f4bacc370 ConcurrentGCThread "G1 Refine#0" [stack: 0x000000ce3a800000,0x000000ce3a900000] [id=5008]
  0x0000026f4baccda0 ConcurrentGCThread "G1 Service" [stack: 0x000000ce3a900000,0x000000ce3aa00000] [id=10584]

Threads with active compile tasks:

VM state: not at safepoint (normal execution)

VM Mutex/Monitor currently owned by a thread:  ([mutex/lock_event])
[0x0000026f4ba25940] Metaspace_lock - owner thread: 0x0000026f4ba3a120

Heap address: 0x00000000c1400000, size: 1004 MB, Compressed Oops mode: 32-bit

CDS archive(s) not mapped
Compressed class space mapped at: 0x0000000100000000-0x0000000140000000, reserved size: 1073741824
Narrow klass base: 0x0000000000000000, Narrow klass shift: 3, Narrow klass range: 0x140000000

GC Precious Log:
 CPUs: 4 total, 4 available
 Memory: 4009M
 Large Page Support: Disabled
 NUMA Support: Disabled
 Compressed Oops: Enabled (32-bit)
 Heap Region Size: 1M
 Heap Min Capacity: 8M
 Heap Initial Capacity: 64M
 Heap Max Capacity: 1004M
 Pre-touch: Disabled
 Parallel Workers: 4
 Concurrent Workers: 1
 Concurrent Refinement Workers: 4
 Periodic GC: Disabled

Heap:
 garbage-first heap   total 65536K, used 1024K [0x00000000c1400000, 0x0000000100000000)
  region size 1024K, 2 young (2048K), 0 survivors (0K)
 Metaspace       used 5884K, committed 5952K, reserved 1114112K
  class space    used 506K, committed 512K, reserved 1048576K

Heap Regions: E=young(eden), S=young(survivor), O=old, HS=humongous(starts), HC=humongous(continues), CS=collection set, F=free, OA=open archive, CA=closed archive, TAMS=top-at-mark-start (previous, next)
|   0|0x00000000c1400000, 0x00000000c1400000, 0x00000000c1500000|  0%| F|  |TAMS 0x00000000c1400000, 0x00000000c1400000| Untracked 
|   1|0x00000000c1500000, 0x00000000c1500000, 0x00000000c1600000|  0%| F|  |TAMS 0x00000000c1500000, 0x00000000c1500000| Untracked 
|   2|0x00000000c1600000, 0x00000000c1600000, 0x00000000c1700000|  0%| F|  |TAMS 0x00000000c1600000, 0x00000000c1600000| Untracked 
|   3|0x00000000c1700000, 0x00000000c1700000, 0x00000000c1800000|  0%| F|  |TAMS 0x00000000c1700000, 0x00000000c1700000| Untracked 
|   4|0x00000000c1800000, 0x00000000c1800000, 0x00000000c1900000|  0%| F|  |TAMS 0x00000000c1800000, 0x00000000c1800000| Untracked 
|   5|0x00000000c1900000, 0x00000000c1900000, 0x00000000c1a00000|  0%| F|  |TAMS 0x00000000c1900000, 0x00000000c1900000| Untracked 
|   6|0x00000000c1a00000, 0x00000000c1a00000, 0x00000000c1b00000|  0%| F|  |TAMS 0x00000000c1a00000, 0x00000000c1a00000| Untracked 
|   7|0x00000000c1b00000, 0x00000000c1b00000, 0x00000000c1c00000|  0%| F|  |TAMS 0x00000000c1b00000, 0x00000000c1b00000| Untracked 
|   8|0x00000000c1c00000, 0x00000000c1c00000, 0x00000000c1d00000|  0%| F|  |TAMS 0x00000000c1c00000, 0x00000000c1c00000| Untracked 
|   9|0x00000000c1d00000, 0x00000000c1d00000, 0x00000000c1e00000|  0%| F|  |TAMS 0x00000000c1d00000, 0x00000000c1d00000| Untracked 
|  10|0x00000000c1e00000, 0x00000000c1e00000, 0x00000000c1f00000|  0%| F|  |TAMS 0x00000000c1e00000, 0x00000000c1e00000| Untracked 
|  11|0x00000000c1f00000, 0x00000000c1f00000, 0x00000000c2000000|  0%| F|  |TAMS 0x00000000c1f00000, 0x00000000c1f00000| Untracked 
|  12|0x00000000c2000000, 0x00000000c2000000, 0x00000000c2100000|  0%| F|  |TAMS 0x00000000c2000000, 0x00000000c2000000| Untracked 
|  13|0x00000000c2100000, 0x00000000c2100000, 0x00000000c2200000|  0%| F|  |TAMS 0x00000000c2100000, 0x00000000c2100000| Untracked 
|  14|0x00000000c2200000, 0x00000000c2200000, 0x00000000c2300000|  0%| F|  |TAMS 0x00000000c2200000, 0x00000000c2200000| Untracked 
|  15|0x00000000c2300000, 0x00000000c2300000, 0x00000000c2400000|  0%| F|  |TAMS 0x00000000c2300000, 0x00000000c2300000| Untracked 
|  16|0x00000000c2400000, 0x00000000c2400000, 0x00000000c2500000|  0%| F|  |TAMS 0x00000000c2400000, 0x00000000c2400000| Untracked 
|  17|0x00000000c2500000, 0x00000000c2500000, 0x00000000c2600000|  0%| F|  |TAMS 0x00000000c2500000, 0x00000000c2500000| Untracked 
|  18|0x00000000c2600000, 0x00000000c2600000, 0x00000000c2700000|  0%| F|  |TAMS 0x00000000c2600000, 0x00000000c2600000| Untracked 
|  19|0x00000000c2700000, 0x00000000c2700000, 0x00000000c2800000|  0%| F|  |TAMS 0x00000000c2700000, 0x00000000c2700000| Untracked 
|  20|0x00000000c2800000, 0x00000000c2800000, 0x00000000c2900000|  0%| F|  |TAMS 0x00000000c2800000, 0x00000000c2800000| Untracked 
|  21|0x00000000c2900000, 0x00000000c2900000, 0x00000000c2a00000|  0%| F|  |TAMS 0x00000000c2900000, 0x00000000c2900000| Untracked 
|  22|0x00000000c2a00000, 0x00000000c2a00000, 0x00000000c2b00000|  0%| F|  |TAMS 0x00000000c2a00000, 0x00000000c2a00000| Untracked 
|  23|0x00000000c2b00000, 0x00000000c2b00000, 0x00000000c2c00000|  0%| F|  |TAMS 0x00000000c2b00000, 0x00000000c2b00000| Untracked 
|  24|0x00000000c2c00000, 0x00000000c2c00000, 0x00000000c2d00000|  0%| F|  |TAMS 0x00000000c2c00000, 0x00000000c2c00000| Untracked 
|  25|0x00000000c2d00000, 0x00000000c2d00000, 0x00000000c2e00000|  0%| F|  |TAMS 0x00000000c2d00000, 0x00000000c2d00000| Untracked 
|  26|0x00000000c2e00000, 0x00000000c2e00000, 0x00000000c2f00000|  0%| F|  |TAMS 0x00000000c2e00000, 0x00000000c2e00000| Untracked 
|  27|0x00000000c2f00000, 0x00000000c2f00000, 0x00000000c3000000|  0%| F|  |TAMS 0x00000000c2f00000, 0x00000000c2f00000| Untracked 
|  28|0x00000000c3000000, 0x00000000c3000000, 0x00000000c3100000|  0%| F|  |TAMS 0x00000000c3000000, 0x00000000c3000000| Untracked 
|  29|0x00000000c3100000, 0x00000000c3100000, 0x00000000c3200000|  0%| F|  |TAMS 0x00000000c3100000, 0x00000000c3100000| Untracked 
|  30|0x00000000c3200000, 0x00000000c3200000, 0x00000000c3300000|  0%| F|  |TAMS 0x00000000c3200000, 0x00000000c3200000| Untracked 
|  31|0x00000000c3300000, 0x00000000c3300000, 0x00000000c3400000|  0%| F|  |TAMS 0x00000000c3300000, 0x00000000c3300000| Untracked 
|  32|0x00000000c3400000, 0x00000000c3400000, 0x00000000c3500000|  0%| F|  |TAMS 0x00000000c3400000, 0x00000000c3400000| Untracked 
|  33|0x00000000c3500000, 0x00000000c3500000, 0x00000000c3600000|  0%| F|  |TAMS 0x00000000c3500000, 0x00000000c3500000| Untracked 
|  34|0x00000000c3600000, 0x00000000c3600000, 0x00000000c3700000|  0%| F|  |TAMS 0x00000000c3600000, 0x00000000c3600000| Untracked 
|  35|0x00000000c3700000, 0x00000000c3700000, 0x00000000c3800000|  0%| F|  |TAMS 0x00000000c3700000, 0x00000000c3700000| Untracked 
|  36|0x00000000c3800000, 0x00000000c3800000, 0x00000000c3900000|  0%| F|  |TAMS 0x00000000c3800000, 0x00000000c3800000| Untracked 
|  37|0x00000000c3900000, 0x00000000c3900000, 0x00000000c3a00000|  0%| F|  |TAMS 0x00000000c3900000, 0x00000000c3900000| Untracked 
|  38|0x00000000c3a00000, 0x00000000c3a00000, 0x00000000c3b00000|  0%| F|  |TAMS 0x00000000c3a00000, 0x00000000c3a00000| Untracked 
|  39|0x00000000c3b00000, 0x00000000c3b00000, 0x00000000c3c00000|  0%| F|  |TAMS 0x00000000c3b00000, 0x00000000c3b00000| Untracked 
|  40|0x00000000c3c00000, 0x00000000c3c00000, 0x00000000c3d00000|  0%| F|  |TAMS 0x00000000c3c00000, 0x00000000c3c00000| Untracked 
|  41|0x00000000c3d00000, 0x00000000c3d00000, 0x00000000c3e00000|  0%| F|  |TAMS 0x00000000c3d00000, 0x00000000c3d00000| Untracked 
|  42|0x00000000c3e00000, 0x00000000c3e00000, 0x00000000c3f00000|  0%| F|  |TAMS 0x00000000c3e00000, 0x00000000c3e00000| Untracked 
|  43|0x00000000c3f00000, 0x00000000c3f00000, 0x00000000c4000000|  0%| F|  |TAMS 0x00000000c3f00000, 0x00000000c3f00000| Untracked 
|  44|0x00000000c4000000, 0x00000000c4000000, 0x00000000c4100000|  0%| F|  |TAMS 0x00000000c4000000, 0x00000000c4000000| Untracked 
|  45|0x00000000c4100000, 0x00000000c4100000, 0x00000000c4200000|  0%| F|  |TAMS 0x00000000c4100000, 0x00000000c4100000| Untracked 
|  46|0x00000000c4200000, 0x00000000c4200000, 0x00000000c4300000|  0%| F|  |TAMS 0x00000000c4200000, 0x00000000c4200000| Untracked 
|  47|0x00000000c4300000, 0x00000000c4300000, 0x00000000c4400000|  0%| F|  |TAMS 0x00000000c4300000, 0x00000000c4300000| Untracked 
|  48|0x00000000c4400000, 0x00000000c4400000, 0x00000000c4500000|  0%| F|  |TAMS 0x00000000c4400000, 0x00000000c4400000| Untracked 
|  49|0x00000000c4500000, 0x00000000c4500000, 0x00000000c4600000|  0%| F|  |TAMS 0x00000000c4500000, 0x00000000c4500000| Untracked 
|  50|0x00000000c4600000, 0x00000000c4600000, 0x00000000c4700000|  0%| F|  |TAMS 0x00000000c4600000, 0x00000000c4600000| Untracked 
|  51|0x00000000c4700000, 0x00000000c4700000, 0x00000000c4800000|  0%| F|  |TAMS 0x00000000c4700000, 0x00000000c4700000| Untracked 
|  52|0x00000000c4800000, 0x00000000c4800000, 0x00000000c4900000|  0%| F|  |TAMS 0x00000000c4800000, 0x00000000c4800000| Untracked 
|  53|0x00000000c4900000, 0x00000000c4900000, 0x00000000c4a00000|  0%| F|  |TAMS 0x00000000c4900000, 0x00000000c4900000| Untracked 
|  54|0x00000000c4a00000, 0x00000000c4a00000, 0x00000000c4b00000|  0%| F|  |TAMS 0x00000000c4a00000, 0x00000000c4a00000| Untracked 
|  55|0x00000000c4b00000, 0x00000000c4b00000, 0x00000000c4c00000|  0%| F|  |TAMS 0x00000000c4b00000, 0x00000000c4b00000| Untracked 
|  56|0x00000000c4c00000, 0x00000000c4c00000, 0x00000000c4d00000|  0%| F|  |TAMS 0x00000000c4c00000, 0x00000000c4c00000| Untracked 
|  57|0x00000000c4d00000, 0x00000000c4d00000, 0x00000000c4e00000|  0%| F|  |TAMS 0x00000000c4d00000, 0x00000000c4d00000| Untracked 
|  58|0x00000000c4e00000, 0x00000000c4e00000, 0x00000000c4f00000|  0%| F|  |TAMS 0x00000000c4e00000, 0x00000000c4e00000| Untracked 
|  59|0x00000000c4f00000, 0x00000000c4f00000, 0x00000000c5000000|  0%| F|  |TAMS 0x00000000c4f00000, 0x00000000c4f00000| Untracked 
|  60|0x00000000c5000000, 0x00000000c5000000, 0x00000000c5100000|  0%| F|  |TAMS 0x00000000c5000000, 0x00000000c5000000| Untracked 
|  61|0x00000000c5100000, 0x00000000c5100000, 0x00000000c5200000|  0%| F|  |TAMS 0x00000000c5100000, 0x00000000c5100000| Untracked 
|  62|0x00000000c5200000, 0x00000000c5285c80, 0x00000000c5300000| 52%| E|  |TAMS 0x00000000c5200000, 0x00000000c5200000| Complete 
|  63|0x00000000c5300000, 0x00000000c5400000, 0x00000000c5400000|100%| E|CS|TAMS 0x00000000c5300000, 0x00000000c5300000| Complete 

Card table byte_map: [0x0000026f60110000,0x0000026f60310000] _byte_map_base: 0x0000026f5fb06000

Marking Bits (Prev, Next): (CMBitMap*) 0x0000026f4ba75f50, (CMBitMap*) 0x0000026f4ba75f90
 Prev Bits: [0x0000026f60510000, 0x0000026f614c0000)
 Next Bits: [0x0000026f614c0000, 0x0000026f62470000)

Polling page: 0x0000026f4bb00000

Metaspace:

Usage:
  Non-class:      5.25 MB used.
      Class:    506.00 KB used.
       Both:      5.75 MB used.

Virtual space:
  Non-class space:       64.00 MB reserved,       5.31 MB (  8%) committed,  1 nodes.
      Class space:        1.00 GB reserved,     512.00 KB ( <1%) committed,  1 nodes.
             Both:        1.06 GB reserved,       5.81 MB ( <1%) committed. 

Chunk freelists:
   Non-Class:  10.49 MB
       Class:  15.50 MB
        Both:  25.99 MB

MaxMetaspaceSize: unlimited
CompressedClassSpaceSize: 1.00 GB
Initial GC threshold: 21.00 MB
Current GC threshold: 21.00 MB
CDS: off
MetaspaceReclaimPolicy: balanced
 - commit_granule_bytes: 65536.
 - commit_granule_words: 8192.
 - virtual_space_node_default_size: 8388608.
 - enlarge_chunks_in_place: 1.
 - new_chunks_are_fully_committed: 0.
 - uncommit_free_chunks: 1.
 - use_allocation_guard: 0.
 - handle_deallocations: 1.


Internal statistics:

num_allocs_failed_limit: 0.
num_arena_births: 8.
num_arena_deaths: 0.
num_vsnodes_births: 2.
num_vsnodes_deaths: 0.
num_space_committed: 93.
num_space_uncommitted: 0.
num_chunks_returned_to_freelist: 0.
num_chunks_taken_from_freelist: 17.
num_chunk_merges: 0.
num_chunk_splits: 7.
num_chunks_enlarged: 3.
num_inconsistent_stats: 0.

CodeHeap 'non-profiled nmethods': size=120000Kb used=44Kb max_used=44Kb free=119956Kb
 bounds [0x0000026f583b0000, 0x0000026f58620000, 0x0000026f5f8e0000]
CodeHeap 'profiled nmethods': size=120000Kb used=231Kb max_used=231Kb free=119768Kb
 bounds [0x0000026f508e0000, 0x0000026f50b50000, 0x0000026f57e10000]
CodeHeap 'non-nmethods': size=5760Kb used=1161Kb max_used=1175Kb free=4598Kb
 bounds [0x0000026f57e10000, 0x0000026f58080000, 0x0000026f583b0000]
 total_blobs=538 nmethods=170 adapters=281
 compilation: enabled
              stopped_count=0, restarted_count=0
 full_count=0

Compilation events (20 events):
Event: 12.806 Thread 0x0000026f64c1ed10  161       1       java.lang.module.ModuleDescriptor::provides (5 bytes)
Event: 12.806 Thread 0x0000026f64c1ed10 nmethod 161 0x0000026f583ba010 code [0x0000026f583ba1a0, 0x0000026f583ba278]
Event: 12.806 Thread 0x0000026f64c1ed10  162       3       java.util.ImmutableCollections$Set12$1::next (95 bytes)
Event: 12.807 Thread 0x0000026f64c1ed10 nmethod 162 0x0000026f50918090 code [0x0000026f50918260, 0x0000026f50918568]
Event: 12.809 Thread 0x0000026f64c1ed10  163       3       java.lang.StringLatin1::lastIndexOf (125 bytes)
Event: 12.809 Thread 0x0000026f64aa1be0  165       4       java.util.ImmutableCollections$SetN$SetNIterator::hasNext (13 bytes)
Event: 12.810 Thread 0x0000026f64c1ed10 nmethod 163 0x0000026f50918690 code [0x0000026f50918860, 0x0000026f50918d18]
Event: 12.810 Thread 0x0000026f64c1ed10  164       3       java.util.HashMap::containsKey (14 bytes)
Event: 12.810 Thread 0x0000026f64aa1be0 nmethod 165 0x0000026f583ba310 code [0x0000026f583ba480, 0x0000026f583ba518]
Event: 12.810 Thread 0x0000026f64c1ed10 nmethod 164 0x0000026f50919010 code [0x0000026f509191c0, 0x0000026f50919368]
Event: 12.810 Thread 0x0000026f64aa1be0  166       4       java.util.ImmutableCollections$SetN$SetNIterator::next (90 bytes)
Event: 12.810 Thread 0x0000026f64c1ed10  167       1       java.util.HashMap$Node::getKey (5 bytes)
Event: 12.811 Thread 0x0000026f64c1ed10 nmethod 167 0x0000026f583ba610 code [0x0000026f583ba7a0, 0x0000026f583ba878]
Event: 12.811 Thread 0x0000026f64c1ed10  168       1       java.util.HashMap$Node::getValue (5 bytes)
Event: 12.811 Thread 0x0000026f64c1ed10 nmethod 168 0x0000026f583ba910 code [0x0000026f583baaa0, 0x0000026f583bab78]
Event: 12.812 Thread 0x0000026f64c1ed10  169       3       java.lang.module.ResolvedModule::hashCode (16 bytes)
Event: 12.812 Thread 0x0000026f64aa1be0 nmethod 166 0x0000026f583bac10 code [0x0000026f583bada0, 0x0000026f583baeb8]
Event: 12.812 Thread 0x0000026f64c1ed10 nmethod 169 0x0000026f50919410 code [0x0000026f509195c0, 0x0000026f509197f8]
Event: 12.814 Thread 0x0000026f64c1ed10  170       3       java.util.concurrent.ConcurrentHashMap::casTabAt (21 bytes)
Event: 12.814 Thread 0x0000026f64c1ed10 nmethod 170 0x0000026f50919910 code [0x0000026f50919aa0, 0x0000026f50919c18]

GC Heap History (0 events):
No events

Dll operation events (3 events):
Event: 0.016 Loaded shared library C:\Users\Shree\.p2\pool\plugins\org.eclipse.justj.openjdk.hotspot.jre.full.win32.x86_64_17.0.9.v20231028-0858\jre\bin\java.dll
Event: 7.156 Loaded shared library C:\Users\Shree\.p2\pool\plugins\org.eclipse.justj.openjdk.hotspot.jre.full.win32.x86_64_17.0.9.v20231028-0858\jre\bin\net.dll
Event: 7.158 Loaded shared library C:\Users\Shree\.p2\pool\plugins\org.eclipse.justj.openjdk.hotspot.jre.full.win32.x86_64_17.0.9.v20231028-0858\jre\bin\nio.dll

Deoptimization events (0 events):
No events

Classes unloaded (0 events):
No events

Classes redefined (0 events):
No events

Internal exceptions (1 events):
Event: 8.398 Thread 0x0000026f4ba3a120 Exception <a 'java/lang/NoSuchMethodError'{0x00000000c53eec08}: 'void java.lang.invoke.DirectMethodHandle$Holder.invokeVirtual(java.lang.Object, java.lang.Object)'> (0x00000000c53eec08) 
thrown [s\src\hotspot\share\interpreter\linkResolver.cpp, line 759]

VM Operations (12 events):
Event: 6.350 Executing VM operation: Cleanup
Event: 6.636 Executing VM operation: Cleanup done
Event: 7.639 Executing VM operation: Cleanup
Event: 8.376 Executing VM operation: Cleanup done
Event: 9.390 Executing VM operation: Cleanup
Event: 9.390 Executing VM operation: Cleanup done
Event: 11.659 Executing VM operation: HandshakeAllThreads
Event: 11.659 Executing VM operation: HandshakeAllThreads done
Event: 11.659 Executing VM operation: Cleanup
Event: 11.659 Executing VM operation: Cleanup done
Event: 12.662 Executing VM operation: Cleanup
Event: 12.804 Executing VM operation: Cleanup done

Events (20 events):
Event: 11.653 loading class java/util/HashMap$HashMapSpliterator done
Event: 11.653 loading class java/util/HashMap$ValueSpliterator done
Event: 11.653 loading class java/util/HashMap$KeySpliterator
Event: 11.653 loading class java/util/HashMap$KeySpliterator done
Event: 11.654 loading class java/lang/ModuleLayer
Event: 11.655 loading class java/lang/ModuleLayer done
Event: 11.658 loading class java/util/LinkedHashSet
Event: 11.658 loading class java/util/LinkedHashSet done
Event: 11.658 loading class java/util/LinkedHashMap
Event: 11.659 loading class java/util/LinkedHashMap done
Event: 11.661 loading class java/lang/module/ResolvedModule
Event: 11.661 loading class java/lang/module/ResolvedModule done
Event: 12.812 loading class jdk/internal/module/ModuleLoaderMap
Event: 12.812 loading class jdk/internal/module/ModuleLoaderMap done
Event: 12.812 loading class jdk/internal/module/ModuleLoaderMap$Mapper
Event: 12.812 loading class jdk/internal/module/ModuleLoaderMap$Mapper done
Event: 12.812 loading class jdk/internal/module/ModuleLoaderMap$Modules
Event: 12.812 loading class jdk/internal/module/ModuleLoaderMap$Modules done
Event: 12.815 loading class sun/net/www/protocol/file/Handler
Event: 12.815 loading class java/net/URLStreamHandler


Dynamic libraries:
0x00007ff716f30000 - 0x00007ff716f3e000 	C:\Users\Shree\.p2\pool\plugins\org.eclipse.justj.openjdk.hotspot.jre.full.win32.x86_64_17.0.9.v20231028-0858\jre\bin\javaw.exe
0x00007ff94eac0000 - 0x00007ff94ecc9000 	C:\WINDOWS\SYSTEM32\ntdll.dll
0x00007ff94d640000 - 0x00007ff94d6fd000 	C:\WINDOWS\System32\KERNEL32.DLL
0x00007ff94c300000 - 0x00007ff94c684000 	C:\WINDOWS\System32\KERNELBASE.dll
0x00007ff94c040000 - 0x00007ff94c151000 	C:\WINDOWS\System32\ucrtbase.dll
0x00007ff9428d0000 - 0x00007ff9428e7000 	C:\Users\Shree\.p2\pool\plugins\org.eclipse.justj.openjdk.hotspot.jre.full.win32.x86_64_17.0.9.v20231028-0858\jre\bin\jli.dll
0x00007ff94d700000 - 0x00007ff94d8ad000 	C:\WINDOWS\System32\USER32.dll
0x00007ff94c160000 - 0x00007ff94c186000 	C:\WINDOWS\System32\win32u.dll
0x00007ff94cc10000 - 0x00007ff94cc3a000 	C:\WINDOWS\System32\GDI32.dll
0x00007ff94c690000 - 0x00007ff94c7ae000 	C:\WINDOWS\System32\gdi32full.dll
0x00007ff94c7b0000 - 0x00007ff94c84d000 	C:\WINDOWS\System32\msvcp_win.dll
0x00007ff942960000 - 0x00007ff94297b000 	C:\Users\Shree\.p2\pool\plugins\org.eclipse.justj.openjdk.hotspot.jre.full.win32.x86_64_17.0.9.v20231028-0858\jre\bin\VCRUNTIME140.dll
0x00007ff92e330000 - 0x00007ff92e5d5000 	C:\WINDOWS\WinSxS\amd64_microsoft.windows.common-controls_6595b64144ccf1df_6.0.22000.120_none_9d947278b86cc467\COMCTL32.dll
0x00007ff94c950000 - 0x00007ff94c9f3000 	C:\WINDOWS\System32\msvcrt.dll
0x00007ff94d2d0000 - 0x00007ff94d301000 	C:\WINDOWS\System32\IMM32.DLL
0x00007ff9482a0000 - 0x00007ff9482ac000 	C:\Users\Shree\.p2\pool\plugins\org.eclipse.justj.openjdk.hotspot.jre.full.win32.x86_64_17.0.9.v20231028-0858\jre\bin\vcruntime140_1.dll
0x00007ff9360b0000 - 0x00007ff93613d000 	C:\Users\Shree\.p2\pool\plugins\org.eclipse.justj.openjdk.hotspot.jre.full.win32.x86_64_17.0.9.v20231028-0858\jre\bin\msvcp140.dll
0x00007ff90f250000 - 0x00007ff90feb1000 	C:\Users\Shree\.p2\pool\plugins\org.eclipse.justj.openjdk.hotspot.jre.full.win32.x86_64_17.0.9.v20231028-0858\jre\bin\server\jvm.dll
0x00007ff94ca00000 - 0x00007ff94caae000 	C:\WINDOWS\System32\ADVAPI32.dll
0x00007ff94d8b0000 - 0x00007ff94d94e000 	C:\WINDOWS\System32\sechost.dll
0x00007ff94dbe0000 - 0x00007ff94dd01000 	C:\WINDOWS\System32\RPCRT4.dll
0x00007ff94a8b0000 - 0x00007ff94a8fd000 	C:\WINDOWS\SYSTEM32\POWRPROF.dll
0x00007ff945510000 - 0x00007ff945519000 	C:\WINDOWS\SYSTEM32\WSOCK32.dll
0x00007ff94cab0000 - 0x00007ff94cb1f000 	C:\WINDOWS\System32\WS2_32.dll
0x00007ff944550000 - 0x00007ff944583000 	C:\WINDOWS\SYSTEM32\WINMM.dll
0x00007ff93bfd0000 - 0x00007ff93bfda000 	C:\WINDOWS\SYSTEM32\VERSION.dll
0x00007ff94a9a0000 - 0x00007ff94a9b3000 	C:\WINDOWS\SYSTEM32\UMPDC.dll
0x00007ff94b0b0000 - 0x00007ff94b0c8000 	C:\WINDOWS\SYSTEM32\kernel.appcore.dll
0x00007ff945460000 - 0x00007ff94546a000 	C:\Users\Shree\.p2\pool\plugins\org.eclipse.justj.openjdk.hotspot.jre.full.win32.x86_64_17.0.9.v20231028-0858\jre\bin\jimage.dll
0x00007ff93a7c0000 - 0x00007ff93a9e1000 	C:\WINDOWS\SYSTEM32\DBGHELP.DLL
0x00007ff93a780000 - 0x00007ff93a7b1000 	C:\WINDOWS\SYSTEM32\dbgcore.DLL
0x00007ff94bfc0000 - 0x00007ff94c03f000 	C:\WINDOWS\System32\bcryptPrimitives.dll
0x00007ff93d290000 - 0x00007ff93d2cb000 	C:\Users\Shree\.p2\pool\plugins\org.eclipse.justj.openjdk.hotspot.jre.full.win32.x86_64_17.0.9.v20231028-0858\jre\bin\jdwp.dll
0x00007ff948220000 - 0x00007ff94822e000 	C:\Users\Shree\.p2\pool\plugins\org.eclipse.justj.openjdk.hotspot.jre.full.win32.x86_64_17.0.9.v20231028-0858\jre\bin\instrument.dll
0x00007ff945370000 - 0x00007ff945395000 	C:\Users\Shree\.p2\pool\plugins\org.eclipse.justj.openjdk.hotspot.jre.full.win32.x86_64_17.0.9.v20231028-0858\jre\bin\java.dll
0x00007ff942f50000 - 0x00007ff942f68000 	C:\Users\Shree\.p2\pool\plugins\org.eclipse.justj.openjdk.hotspot.jre.full.win32.x86_64_17.0.9.v20231028-0858\jre\bin\zip.dll
0x00007ff94dd10000 - 0x00007ff94e4d5000 	C:\WINDOWS\System32\SHELL32.dll
0x00007ff94a030000 - 0x00007ff94a892000 	C:\WINDOWS\SYSTEM32\windows.storage.dll
0x00007ff94e4e0000 - 0x00007ff94e856000 	C:\WINDOWS\System32\combase.dll
0x00007ff949ec0000 - 0x00007ff94a027000 	C:\WINDOWS\SYSTEM32\wintypes.dll
0x00007ff94cb20000 - 0x00007ff94cc0a000 	C:\WINDOWS\System32\SHCORE.dll
0x00007ff94ea20000 - 0x00007ff94ea7d000 	C:\WINDOWS\System32\shlwapi.dll
0x00007ff94be80000 - 0x00007ff94bea5000 	C:\WINDOWS\SYSTEM32\profapi.dll
0x00007ff942f30000 - 0x00007ff942f49000 	C:\Users\Shree\.p2\pool\plugins\org.eclipse.justj.openjdk.hotspot.jre.full.win32.x86_64_17.0.9.v20231028-0858\jre\bin\net.dll
0x00007ff943c10000 - 0x00007ff943d24000 	C:\WINDOWS\SYSTEM32\WINHTTP.dll
0x00007ff94b560000 - 0x00007ff94b5c7000 	C:\WINDOWS\system32\mswsock.dll
0x00007ff942c60000 - 0x00007ff942c76000 	C:\Users\Shree\.p2\pool\plugins\org.eclipse.justj.openjdk.hotspot.jre.full.win32.x86_64_17.0.9.v20231028-0858\jre\bin\nio.dll

dbghelp: loaded successfully - version: 4.0.5 - missing functions: none
symbol engine: initialized successfully - sym options: 0x614 - pdb path: .;C:\Users\Shree\.p2\pool\plugins\org.eclipse.justj.openjdk.hotspot.jre.full.win32.x86_64_17.0.9.v20231028-0858\jre\bin;C:\WINDOWS\SYSTEM32;C:\WINDOWS\WinSxS\amd64_microsoft.windows.common-controls_6595b64144ccf1df_6.0.22000.120_none_9d947278b86cc467;C:\Users\Shree\.p2\pool\plugins\org.eclipse.justj.openjdk.hotspot.jre.full.win32.x86_64_17.0.9.v20231028-0858\jre\bin\server

VM Arguments:
jvm_args: -XX:+ShowCodeDetailsInExceptionMessages -agentlib:jdwp=transport=dt_socket,suspend=y,address=localhost:12226 -javaagent:C:\Users\Shree\eclipse\java-2023-09\eclipse\configuration\org.eclipse.osgi\252\0\.cp\lib\javaagent-shaded.jar -Dfile.encoding=UTF-8 -Dstdout.encoding=UTF-8 -Dstderr.encoding=UTF-8 --module-path=C:\Users\Shree\eclipse-workspace\OOPS\bin -Djdk.module.main=OOPS 
java_command: OOPS/classObject.WithReturnTypeWithArgument
java_class_path (initial): <not set>
Launcher Type: SUN_STANDARD

[Global flags]
     intx CICompilerCount                          = 3                                         {product} {ergonomic}
     uint ConcGCThreads                            = 1                                         {product} {ergonomic}
     uint G1ConcRefinementThreads                  = 4                                         {product} {ergonomic}
   size_t G1HeapRegionSize                         = 1048576                                   {product} {ergonomic}
    uintx GCDrainStackTargetSize                   = 64                                        {product} {ergonomic}
   size_t InitialHeapSize                          = 67108864                                  {product} {ergonomic}
   size_t MarkStackSize                            = 4194304                                   {product} {ergonomic}
   size_t MaxHeapSize                              = 1052770304                                {product} {ergonomic}
   size_t MaxNewSize                               = 631242752                                 {product} {ergonomic}
   size_t MinHeapDeltaBytes                        = 1048576                                   {product} {ergonomic}
   size_t MinHeapSize                              = 8388608                                   {product} {ergonomic}
    uintx NonNMethodCodeHeapSize                   = 5832780                                {pd product} {ergonomic}
    uintx NonProfiledCodeHeapSize                  = 122912730                              {pd product} {ergonomic}
    uintx ProfiledCodeHeapSize                     = 122912730                              {pd product} {ergonomic}
    uintx ReservedCodeCacheSize                    = 251658240                              {pd product} {ergonomic}
     bool SegmentedCodeCache                       = true                                      {product} {ergonomic}
     bool ShowCodeDetailsInExceptionMessages       = true                                   {manageable} {command line}
   size_t SoftMaxHeapSize                          = 1052770304                             {manageable} {ergonomic}
     bool UseCompressedClassPointers               = true                           {product lp64_product} {ergonomic}
     bool UseCompressedOops                        = true                           {product lp64_product} {ergonomic}
     bool UseG1GC                                  = true                                      {product} {ergonomic}
     bool UseLargePagesIndividualAllocation        = false                                  {pd product} {ergonomic}

Logging:
Log output configuration:
 #0: stdout all=warning uptime,level,tags
 #1: stderr all=off uptime,level,tags

Environment Variables:
PATH=C:\Users\Shree\.p2\pool\plugins\org.eclipse.justj.openjdk.hotspot.jre.full.win32.x86_64_17.0.9.v20231028-0858\jre\bin;C:/Users/Shree/.p2/pool/plugins/org.eclipse.justj.openjdk.hotspot.jre.full.win32.x86_64_17.0.9.v20231028-0858/jre/bin/server;C:/Users/Shree/.p2/pool/plugins/org.eclipse.justj.openjdk.hotspot.jre.full.win32.x86_64_17.0.9.v20231028-0858/jre/bin;C:\Program Files\java\jdk-19\bin;C:\Program Files\MySQL\MySQL Shell 8.0\bin\;C:\Users\Shree\AppData\Local\Microsoft\WindowsApps;;C:\Users\Shree\AppData\Local\Programs\Microsoft VS Code\bin;C:\Users\Shree\.dotnet\tools;C:\Program Files\JetBrains\IntelliJ IDEA 2023.2.4\bin;;C:\Users\Shree\AppData\Roaming\npm;C:\Users\Shree\Desktop;
USERNAME=Shree
OS=Windows_NT
PROCESSOR_IDENTIFIER=Intel64 Family 6 Model 60 Stepping 3, GenuineIntel
TMP=C:\Users\Shree\AppData\Local\Temp
TEMP=C:\Users\Shree\AppData\Local\Temp



Periodic native trim disabled


---------------  S Y S T E M  ---------------

OS:
 Windows 11 , 64 bit Build 22000 (10.0.22000.2538)
OS uptime: 4 days 20:16 hours

CPU: total 4 (initial active 4) (2 cores per cpu, 2 threads per core) family 6 model 60 stepping 3 microcode 0x28, cx8, cmov, fxsr, ht, mmx, sse, sse2, sse3, ssse3, sse4.1, sse4.2, popcnt, lzcnt, tsc, tscinvbit, avx, avx2, aes, erms, clmul, bmi1, bmi2, fma, vzeroupper, clflush
Processor Information for all 4 processors :
  Max Mhz: 2501, Current Mhz: 2500, Mhz Limit: 2475

Memory: 4k page, system-wide physical 4009M (345M free)
TotalPageFile size 16297M (AvailPageFile size 0M)
current process WorkingSet (physical memory assigned to process): 32M, peak: 32M
current process commit charge ("private bytes"): 129M, peak: 129M

vm_info: OpenJDK 64-Bit Server VM (17.0.9+9) for windows-amd64 JRE (17.0.9+9), built on Oct 26 2023 14:01:42 by "admin" with MS VC++ 16.10 / 16.11 (VS2019)

END.
