#
# A fatal error has been detected by the Java Runtime Environment:
#
#  EXCEPTION_STACK_OVERFLOW (0xc00000fd) at pc=0x00007ff90f5daa13, pid=11920, tid=17968
#
# JRE version: OpenJDK Runtime Environment Temurin-17.0.9+9 (17.0.9+9) (build 17.0.9+9)
# Java VM: OpenJDK 64-Bit Server VM Temurin-17.0.9+9 (17.0.9+9, mixed mode, tiered, compressed oops, compressed class ptrs, g1 gc, windows-amd64)
# Problematic frame:
# V  [jvm.dll+0x38aa13]
#
# No core dump will be written. Minidumps are not enabled by default on client versions of Windows
#

#   
#


Command Line: 

 Windows 11 , 64 bit Build 22000 (10.0.22000.2538)
Time: Mon Jun  3 10:19:49 2024 India Standard Time elapsed time: 15.384155 seconds (0d 0h 0m 15s)

---------------  T H R E A D  ---------------

Current thread (0x000001db9b9d2700):  JavaThread "JDWP Transport Listener: dt_socket" daemon [_thread_in_vm, id=17968, stack(0x00000005f7100000,0x00000005f7200000)]

Stack: [0x00000005f7100000,0x00000005f7200000],  sp=0x00000005f71ff5c0,  free space=1021k
Native frames: (J=compiled Java code, j=interpreted, Vv=VM code, C=native code)
V  [jvm.dll+0x38aa13]
V  [jvm.dll+0x67ce62]
V  [jvm.dll+0x38a6de]
V  [jvm.dll+0x3f1972]
